2021-04-17 23:15:55.151 START: workQueue.size: 0, waited for: 2ms, InteractionDtoUtils.init()
2021-04-17 23:15:55.151 START: workQueue.size: 0, waited for: 2ms, persistenceSessionFactory#init(...)
2021-04-17 23:15:55.151 START: workQueue.size: 0, waited for: 2ms, ChangesDtoUtils.init()
2021-04-17 23:15:55.155 START: workQueue.size: 0, waited for: 3ms, SpecificationLoader#init()
2021-04-17 23:15:55.966 END: completed in: 815ms, ChangesDtoUtils.init()
2021-04-17 23:15:55.967 START: workQueue.size: 0, waited for: 817ms, CommandDtoUtils.init()
2021-04-17 23:15:56.067 END: completed in: 915ms, InteractionDtoUtils.init()
2021-04-17 23:15:56.092 START: workQueue.size: 1, waited for: 568ms, org.apache.isis.core.runtime.system.session.IsisSessionFactory: #introspectUpTo( TYPE_INTROSPECTED )
2021-04-17 23:15:56.179 END: completed in: 213ms, CommandDtoUtils.init()
2021-04-17 23:15:56.187 START: workQueue.size: 1, waited for: 687ms, org.apache.isis.core.runtime.system.persistence.PersistenceSessionFactory: #introspectUpTo( TYPE_INTROSPECTED )
2021-04-17 23:15:56.337 END: completed in: 151ms, org.apache.isis.core.runtime.system.persistence.PersistenceSessionFactory: #introspectUpTo( TYPE_INTROSPECTED )
2021-04-17 23:15:56.339 START: workQueue.size: 1, waited for: 839ms, org.apache.isis.core.metamodel.specloader.SpecificationLoader: #introspectUpTo( TYPE_INTROSPECTED )
2021-04-17 23:15:56.342 END: completed in: 275ms, org.apache.isis.core.runtime.system.session.IsisSessionFactory: #introspectUpTo( TYPE_INTROSPECTED )
2021-04-17 23:15:56.342 START: workQueue.size: 1, waited for: 843ms, org.apache.isis.core.runtime.authorization.standard.AuthorizationManagerStandard: #introspectUpTo( TYPE_INTROSPECTED )
2021-04-17 23:15:56.386 END: completed in: 48ms, org.apache.isis.core.metamodel.specloader.SpecificationLoader: #introspectUpTo( TYPE_INTROSPECTED )
2021-04-17 23:15:56.386 START: workQueue.size: 1, waited for: 887ms, org.apache.isis.core.runtime.authentication.standard.AuthenticationManagerStandard: #introspectUpTo( TYPE_INTROSPECTED )
2021-04-17 23:15:56.413 END: completed in: 71ms, org.apache.isis.core.runtime.authorization.standard.AuthorizationManagerStandard: #introspectUpTo( TYPE_INTROSPECTED )
2021-04-17 23:15:56.413 START: workQueue.size: 1, waited for: 914ms, org.apache.isis.core.commons.config.IsisConfigurationDefault: #introspectUpTo( TYPE_INTROSPECTED )
2021-04-17 23:15:56.419 END: completed in: 33ms, org.apache.isis.core.runtime.authentication.standard.AuthenticationManagerStandard: #introspectUpTo( TYPE_INTROSPECTED )
2021-04-17 23:15:56.419 START: workQueue.size: 1, waited for: 920ms, org.apache.isis.core.runtime.services.deplcat.DeploymentCategoryProviderDefault: #introspectUpTo( TYPE_INTROSPECTED )
2021-04-17 23:15:56.434 END: completed in: 15ms, org.apache.isis.core.runtime.services.deplcat.DeploymentCategoryProviderDefault: #introspectUpTo( TYPE_INTROSPECTED )
2021-04-17 23:15:56.439 START: workQueue.size: 1, waited for: 940ms, org.apache.isis.objectstore.jdo.datanucleus.service.eventbus.EventBusServiceJdo: #introspectUpTo( TYPE_INTROSPECTED )
2021-04-17 23:15:56.480 END: completed in: 41ms, org.apache.isis.objectstore.jdo.datanucleus.service.eventbus.EventBusServiceJdo: #introspectUpTo( TYPE_INTROSPECTED )
2021-04-17 23:15:56.481 START: workQueue.size: 1, waited for: 982ms, org.apache.isis.applib.services.queryresultscache.QueryResultsCache$Control: #introspectUpTo( TYPE_INTROSPECTED )
2021-04-17 23:15:56.493 END: completed in: 80ms, org.apache.isis.core.commons.config.IsisConfigurationDefault: #introspectUpTo( TYPE_INTROSPECTED )
2021-04-17 23:15:56.494 START: workQueue.size: 1, waited for: 995ms, domainapp.modules.simple.dom.impl.SimpleObjects: #introspectUpTo( TYPE_INTROSPECTED )
2021-04-17 23:15:56.502 END: completed in: 21ms, org.apache.isis.applib.services.queryresultscache.QueryResultsCache$Control: #introspectUpTo( TYPE_INTROSPECTED )
2021-04-17 23:15:56.502 START: workQueue.size: 1, waited for: 1003ms, domainapp.modules.simple.dom.profesor.ProfesorRepositorio: #introspectUpTo( TYPE_INTROSPECTED )
2021-04-17 23:15:56.550 END: completed in: 55ms, domainapp.modules.simple.dom.impl.SimpleObjects: #introspectUpTo( TYPE_INTROSPECTED )
2021-04-17 23:15:56.550 START: workQueue.size: 1, waited for: 1051ms, org.apache.isis.applib.services.fixturespec.FixtureScriptsDefault: #introspectUpTo( TYPE_INTROSPECTED )
2021-04-17 23:15:56.556 END: completed in: 53ms, domainapp.modules.simple.dom.profesor.ProfesorRepositorio: #introspectUpTo( TYPE_INTROSPECTED )
2021-04-17 23:15:56.557 START: workQueue.size: 1, waited for: 1057ms, org.apache.isis.applib.services.layout.LayoutServiceMenu: #introspectUpTo( TYPE_INTROSPECTED )
2021-04-17 23:15:56.577 END: completed in: 20ms, org.apache.isis.applib.services.layout.LayoutServiceMenu: #introspectUpTo( TYPE_INTROSPECTED )
2021-04-17 23:15:56.577 START: workQueue.size: 1, waited for: 1078ms, org.apache.isis.applib.services.metamodel.MetaModelServicesMenu: #introspectUpTo( TYPE_INTROSPECTED )
2021-04-17 23:15:56.595 END: completed in: 18ms, org.apache.isis.applib.services.metamodel.MetaModelServicesMenu: #introspectUpTo( TYPE_INTROSPECTED )
2021-04-17 23:15:56.595 START: workQueue.size: 1, waited for: 1096ms, org.apache.isis.applib.services.swagger.SwaggerServiceMenu: #introspectUpTo( TYPE_INTROSPECTED )
2021-04-17 23:15:56.628 END: completed in: 33ms, org.apache.isis.applib.services.swagger.SwaggerServiceMenu: #introspectUpTo( TYPE_INTROSPECTED )
2021-04-17 23:15:56.628 START: workQueue.size: 1, waited for: 1129ms, org.apache.isis.core.runtime.services.i18n.po.TranslationServicePoMenu: #introspectUpTo( TYPE_INTROSPECTED )
2021-04-17 23:15:56.631 END: completed in: 81ms, org.apache.isis.applib.services.fixturespec.FixtureScriptsDefault: #introspectUpTo( TYPE_INTROSPECTED )
2021-04-17 23:15:56.631 START: workQueue.size: 1, waited for: 1132ms, org.apache.isis.applib.services.hsqldb.HsqlDbManagerMenu: #introspectUpTo( TYPE_INTROSPECTED )
2021-04-17 23:15:56.644 END: completed in: 12ms, org.apache.isis.applib.services.hsqldb.HsqlDbManagerMenu: #introspectUpTo( TYPE_INTROSPECTED )
2021-04-17 23:15:56.644 START: workQueue.size: 1, waited for: 1145ms, org.apache.isis.applib.services.config.ConfigurationServiceMenu: #introspectUpTo( TYPE_INTROSPECTED )
2021-04-17 23:15:56.655 END: completed in: 11ms, org.apache.isis.applib.services.config.ConfigurationServiceMenu: #introspectUpTo( TYPE_INTROSPECTED )
2021-04-17 23:15:56.656 START: workQueue.size: 1, waited for: 1157ms, org.apache.isis.applib.conmap.ContentMappingServiceForCommandDto$CopyOverFromCommand: #introspectUpTo( TYPE_INTROSPECTED )
2021-04-17 23:15:56.671 END: completed in: 15ms, org.apache.isis.applib.conmap.ContentMappingServiceForCommandDto$CopyOverFromCommand: #introspectUpTo( TYPE_INTROSPECTED )
2021-04-17 23:15:56.681 START: workQueue.size: 1, waited for: 1182ms, domainapp.application.fixture.DomainAppFixtureScriptsSpecificationProvider: #introspectUpTo( TYPE_INTROSPECTED )
2021-04-17 23:15:56.646 END: completed in: 17ms, org.apache.isis.core.runtime.services.i18n.po.TranslationServicePoMenu: #introspectUpTo( TYPE_INTROSPECTED )
2021-04-17 23:15:56.684 START: workQueue.size: 1, waited for: 1185ms, domainapp.application.services.health.HealthCheckServiceImpl: #introspectUpTo( TYPE_INTROSPECTED )
2021-04-17 23:15:56.691 END: completed in: 7ms, domainapp.application.services.health.HealthCheckServiceImpl: #introspectUpTo( TYPE_INTROSPECTED )
2021-04-17 23:15:56.691 START: workQueue.size: 1, waited for: 1192ms, domainapp.application.services.homepage.HomePageService: #introspectUpTo( TYPE_INTROSPECTED )
2021-04-17 23:15:56.697 END: completed in: 16ms, domainapp.application.fixture.DomainAppFixtureScriptsSpecificationProvider: #introspectUpTo( TYPE_INTROSPECTED )
2021-04-17 23:15:56.699 START: workQueue.size: 1, waited for: 1200ms, org.apache.isis.applib.services.dto.DtoMappingHelper: #introspectUpTo( TYPE_INTROSPECTED )
2021-04-17 23:15:56.703 END: completed in: 4ms, org.apache.isis.applib.services.dto.DtoMappingHelper: #introspectUpTo( TYPE_INTROSPECTED )
2021-04-17 23:15:56.703 START: workQueue.size: 1, waited for: 1204ms, org.apache.isis.core.runtime.services.background.CommandExecutorServiceDefault: #introspectUpTo( TYPE_INTROSPECTED )
2021-04-17 23:15:56.720 END: completed in: 29ms, domainapp.application.services.homepage.HomePageService: #introspectUpTo( TYPE_INTROSPECTED )
2021-04-17 23:15:56.720 START: workQueue.size: 1, waited for: 1221ms, org.apache.isis.core.runtime.services.menubars.MenuBarsLoaderServiceDefault: #introspectUpTo( TYPE_INTROSPECTED )
2021-04-17 23:15:56.725 END: completed in: 22ms, org.apache.isis.core.runtime.services.background.CommandExecutorServiceDefault: #introspectUpTo( TYPE_INTROSPECTED )
2021-04-17 23:15:56.726 START: workQueue.size: 1, waited for: 1227ms, org.apache.isis.core.runtime.services.menubars.bootstrap3.MenuBarsServiceBS3: #introspectUpTo( TYPE_INTROSPECTED )
2021-04-17 23:15:56.727 END: completed in: 6ms, org.apache.isis.core.runtime.services.menubars.MenuBarsLoaderServiceDefault: #introspectUpTo( TYPE_INTROSPECTED )
2021-04-17 23:15:56.727 START: workQueue.size: 1, waited for: 1228ms, org.apache.isis.core.runtime.services.userprof.UserProfileServiceDefault: #introspectUpTo( TYPE_INTROSPECTED )
2021-04-17 23:15:56.739 END: completed in: 12ms, org.apache.isis.core.runtime.services.userprof.UserProfileServiceDefault: #introspectUpTo( TYPE_INTROSPECTED )
2021-04-17 23:15:56.739 START: workQueue.size: 1, waited for: 1240ms, org.apache.isis.viewer.restfulobjects.rendering.service.conneg.ContentNegotiationServiceXRoDomainType: #introspectUpTo( TYPE_INTROSPECTED )
2021-04-17 23:15:56.746 END: completed in: 20ms, org.apache.isis.core.runtime.services.menubars.bootstrap3.MenuBarsServiceBS3: #introspectUpTo( TYPE_INTROSPECTED )
2021-04-17 23:15:56.749 START: workQueue.size: 1, waited for: 1250ms, org.apache.isis.viewer.restfulobjects.rendering.service.conneg.ContentNegotiationServiceOrgApacheIsisV1: #introspectUpTo( TYPE_INTROSPECTED )
2021-04-17 23:15:56.756 END: completed in: 17ms, org.apache.isis.viewer.restfulobjects.rendering.service.conneg.ContentNegotiationServiceXRoDomainType: #introspectUpTo( TYPE_INTROSPECTED )
2021-04-17 23:15:56.757 START: workQueue.size: 1, waited for: 1258ms, org.apache.isis.core.runtime.services.message.MessageServiceDefault: #introspectUpTo( TYPE_INTROSPECTED )
2021-04-17 23:15:56.808 END: completed in: 51ms, org.apache.isis.core.runtime.services.message.MessageServiceDefault: #introspectUpTo( TYPE_INTROSPECTED )
2021-04-17 23:15:56.811 START: workQueue.size: 1, waited for: 1312ms, org.apache.isis.core.runtime.services.persistsession.PersistenceSessionServiceInternalDefault: #introspectUpTo( TYPE_INTROSPECTED )
2021-04-17 23:15:56.821 END: completed in: 72ms, org.apache.isis.viewer.restfulobjects.rendering.service.conneg.ContentNegotiationServiceOrgApacheIsisV1: #introspectUpTo( TYPE_INTROSPECTED )
2021-04-17 23:15:56.822 START: workQueue.size: 1, waited for: 1323ms, org.apache.isis.applib.annotation.Bulk$InteractionContext: #introspectUpTo( TYPE_INTROSPECTED )
2021-04-17 23:15:56.837 END: completed in: 15ms, org.apache.isis.applib.annotation.Bulk$InteractionContext: #introspectUpTo( TYPE_INTROSPECTED )
2021-04-17 23:15:56.838 START: workQueue.size: 1, waited for: 1339ms, org.apache.isis.applib.conmap.ContentMappingServiceForCommandDto: #introspectUpTo( TYPE_INTROSPECTED )
2021-04-17 23:15:56.850 END: completed in: 39ms, org.apache.isis.core.runtime.services.persistsession.PersistenceSessionServiceInternalDefault: #introspectUpTo( TYPE_INTROSPECTED )
2021-04-17 23:15:56.851 START: workQueue.size: 1, waited for: 1352ms, org.apache.isis.applib.conmap.ContentMappingServiceForCommandsDto: #introspectUpTo( TYPE_INTROSPECTED )
2021-04-17 23:15:56.855 END: completed in: 16ms, org.apache.isis.applib.conmap.ContentMappingServiceForCommandDto: #introspectUpTo( TYPE_INTROSPECTED )
2021-04-17 23:15:56.856 START: workQueue.size: 1, waited for: 1356ms, org.apache.isis.applib.fixturescripts.ExecutionParametersService: #introspectUpTo( TYPE_INTROSPECTED )
2021-04-17 23:15:56.856 END: completed in: 5ms, org.apache.isis.applib.conmap.ContentMappingServiceForCommandsDto: #introspectUpTo( TYPE_INTROSPECTED )
2021-04-17 23:15:56.857 START: workQueue.size: 1, waited for: 1358ms, org.apache.isis.applib.services.actinvoc.ActionInvocationContext: #introspectUpTo( TYPE_INTROSPECTED )
2021-04-17 23:15:56.867 END: completed in: 12ms, org.apache.isis.applib.fixturescripts.ExecutionParametersService: #introspectUpTo( TYPE_INTROSPECTED )
2021-04-17 23:15:56.868 START: workQueue.size: 1, waited for: 1369ms, org.apache.isis.applib.services.audit.AuditerServiceLogging: #introspectUpTo( TYPE_INTROSPECTED )
2021-04-17 23:15:56.871 END: completed in: 14ms, org.apache.isis.applib.services.actinvoc.ActionInvocationContext: #introspectUpTo( TYPE_INTROSPECTED )
2021-04-17 23:15:56.871 START: workQueue.size: 1, waited for: 1372ms, org.apache.isis.applib.services.classdiscovery.ClassDiscoveryServiceUsingReflections: #introspectUpTo( TYPE_INTROSPECTED )
2021-04-17 23:15:56.885 END: completed in: 14ms, org.apache.isis.applib.services.classdiscovery.ClassDiscoveryServiceUsingReflections: #introspectUpTo( TYPE_INTROSPECTED )
2021-04-17 23:15:56.885 START: workQueue.size: 1, waited for: 1386ms, org.apache.isis.applib.services.clock.ClockService: #introspectUpTo( TYPE_INTROSPECTED )
2021-04-17 23:15:56.889 END: completed in: 21ms, org.apache.isis.applib.services.audit.AuditerServiceLogging: #introspectUpTo( TYPE_INTROSPECTED )
2021-04-17 23:15:56.891 START: workQueue.size: 1, waited for: 1392ms, org.apache.isis.applib.services.command.CommandContext: #introspectUpTo( TYPE_INTROSPECTED )
2021-04-17 23:15:56.904 END: completed in: 18ms, org.apache.isis.applib.services.clock.ClockService: #introspectUpTo( TYPE_INTROSPECTED )
2021-04-17 23:15:56.904 END: completed in: 13ms, org.apache.isis.applib.services.command.CommandContext: #introspectUpTo( TYPE_INTROSPECTED )
2021-04-17 23:15:56.904 START: workQueue.size: 1, waited for: 1405ms, org.apache.isis.applib.services.iactn.InteractionContext: #introspectUpTo( TYPE_INTROSPECTED )
2021-04-17 23:15:56.904 START: workQueue.size: 1, waited for: 1405ms, org.apache.isis.applib.services.publish.PublisherServiceLogging: #introspectUpTo( TYPE_INTROSPECTED )
2021-04-17 23:15:56.918 END: completed in: 14ms, org.apache.isis.applib.services.iactn.InteractionContext: #introspectUpTo( TYPE_INTROSPECTED )
2021-04-17 23:15:56.918 START: workQueue.size: 1, waited for: 1419ms, org.apache.isis.applib.services.queryresultscache.QueryResultsCache: #introspectUpTo( TYPE_INTROSPECTED )
2021-04-17 23:15:56.920 END: completed in: 16ms, org.apache.isis.applib.services.publish.PublisherServiceLogging: #introspectUpTo( TYPE_INTROSPECTED )
2021-04-17 23:15:56.921 START: workQueue.size: 1, waited for: 1422ms, org.apache.isis.applib.services.routing.RoutingServiceDefault: #introspectUpTo( TYPE_INTROSPECTED )
2021-04-17 23:15:56.933 END: completed in: 15ms, org.apache.isis.applib.services.queryresultscache.QueryResultsCache: #introspectUpTo( TYPE_INTROSPECTED )
2021-04-17 23:15:56.933 START: workQueue.size: 1, waited for: 1434ms, org.apache.isis.applib.services.scratchpad.Scratchpad: #introspectUpTo( TYPE_INTROSPECTED )
2021-04-17 23:15:56.933 END: completed in: 12ms, org.apache.isis.applib.services.routing.RoutingServiceDefault: #introspectUpTo( TYPE_INTROSPECTED )
2021-04-17 23:15:56.944 START: workQueue.size: 1, waited for: 1442ms, org.apache.isis.applib.services.tablecol.TableColumnOrderService$Default: #introspectUpTo( TYPE_INTROSPECTED )
2021-04-17 23:15:56.945 END: completed in: 12ms, org.apache.isis.applib.services.scratchpad.Scratchpad: #introspectUpTo( TYPE_INTROSPECTED )
2021-04-17 23:15:56.945 START: workQueue.size: 1, waited for: 1446ms, org.apache.isis.applib.services.urlencoding.UrlEncodingServiceUsingBaseEncoding: #introspectUpTo( TYPE_INTROSPECTED )
2021-04-17 23:15:56.953 END: completed in: 8ms, org.apache.isis.applib.services.urlencoding.UrlEncodingServiceUsingBaseEncoding: #introspectUpTo( TYPE_INTROSPECTED )
2021-04-17 23:15:56.954 START: workQueue.size: 1, waited for: 1455ms, org.apache.isis.core.metamodel.services.appfeat.ApplicationFeatureFactory: #introspectUpTo( TYPE_INTROSPECTED )
2021-04-17 23:15:56.960 END: completed in: 6ms, org.apache.isis.core.metamodel.services.appfeat.ApplicationFeatureFactory: #introspectUpTo( TYPE_INTROSPECTED )
2021-04-17 23:15:56.960 START: workQueue.size: 1, waited for: 1461ms, org.apache.isis.core.metamodel.services.appfeat.ApplicationFeatureRepositoryDefault: #introspectUpTo( TYPE_INTROSPECTED )
2021-04-17 23:15:56.961 END: completed in: 20ms, org.apache.isis.applib.services.tablecol.TableColumnOrderService$Default: #introspectUpTo( TYPE_INTROSPECTED )
2021-04-17 23:15:56.961 START: workQueue.size: 1, waited for: 1462ms, org.apache.isis.core.metamodel.services.bookmarks.BookmarkServiceInternalDefault: #introspectUpTo( TYPE_INTROSPECTED )
2021-04-17 23:15:56.972 END: completed in: 11ms, org.apache.isis.core.metamodel.services.bookmarks.BookmarkServiceInternalDefault: #introspectUpTo( TYPE_INTROSPECTED )
2021-04-17 23:15:56.973 START: workQueue.size: 1, waited for: 1474ms, org.apache.isis.core.metamodel.services.config.ConfigurationServiceDefault: #introspectUpTo( TYPE_INTROSPECTED )
2021-04-17 23:15:56.974 END: completed in: 14ms, org.apache.isis.core.metamodel.services.appfeat.ApplicationFeatureRepositoryDefault: #introspectUpTo( TYPE_INTROSPECTED )
2021-04-17 23:15:56.975 START: workQueue.size: 1, waited for: 1476ms, org.apache.isis.core.metamodel.services.container.DomainObjectContainerDefault: #introspectUpTo( TYPE_INTROSPECTED )
2021-04-17 23:15:56.988 END: completed in: 15ms, org.apache.isis.core.metamodel.services.config.ConfigurationServiceDefault: #introspectUpTo( TYPE_INTROSPECTED )
2021-04-17 23:15:56.990 START: workQueue.size: 1, waited for: 1491ms, org.apache.isis.core.metamodel.services.factory.FactoryServiceInternalDefault: #introspectUpTo( TYPE_INTROSPECTED )
2021-04-17 23:15:56.997 END: completed in: 7ms, org.apache.isis.core.metamodel.services.factory.FactoryServiceInternalDefault: #introspectUpTo( TYPE_INTROSPECTED )
2021-04-17 23:15:56.998 START: workQueue.size: 1, waited for: 1499ms, org.apache.isis.core.metamodel.services.grid.GridLoaderServiceDefault: #introspectUpTo( TYPE_INTROSPECTED )
2021-04-17 23:15:57.008 END: completed in: 10ms, org.apache.isis.core.metamodel.services.grid.GridLoaderServiceDefault: #introspectUpTo( TYPE_INTROSPECTED )
2021-04-17 23:15:57.010 START: workQueue.size: 1, waited for: 1511ms, org.apache.isis.core.metamodel.services.grid.GridServiceDefault: #introspectUpTo( TYPE_INTROSPECTED )
2021-04-17 23:15:57.014 END: completed in: 39ms, org.apache.isis.core.metamodel.services.container.DomainObjectContainerDefault: #introspectUpTo( TYPE_INTROSPECTED )
2021-04-17 23:15:57.015 START: workQueue.size: 1, waited for: 1516ms, org.apache.isis.core.metamodel.services.grid.bootstrap3.GridSystemServiceBS3: #introspectUpTo( TYPE_INTROSPECTED )
2021-04-17 23:15:57.035 END: completed in: 25ms, org.apache.isis.core.metamodel.services.grid.GridServiceDefault: #introspectUpTo( TYPE_INTROSPECTED )
2021-04-17 23:15:57.040 START: workQueue.size: 1, waited for: 1541ms, org.apache.isis.core.metamodel.services.layout.LayoutServiceDefault: #introspectUpTo( TYPE_INTROSPECTED )
2021-04-17 23:15:57.062 END: completed in: 47ms, org.apache.isis.core.metamodel.services.grid.bootstrap3.GridSystemServiceBS3: #introspectUpTo( TYPE_INTROSPECTED )
2021-04-17 23:15:57.065 START: workQueue.size: 1, waited for: 1566ms, org.apache.isis.core.metamodel.services.message.MessageServiceNoop: #introspectUpTo( TYPE_INTROSPECTED )
2021-04-17 23:15:57.070 END: completed in: 30ms, org.apache.isis.core.metamodel.services.layout.LayoutServiceDefault: #introspectUpTo( TYPE_INTROSPECTED )
2021-04-17 23:15:57.071 START: workQueue.size: 1, waited for: 1572ms, org.apache.isis.core.metamodel.services.metamodel.MetaModelServiceDefault: #introspectUpTo( TYPE_INTROSPECTED )
2021-04-17 23:15:57.083 END: completed in: 18ms, org.apache.isis.core.metamodel.services.message.MessageServiceNoop: #introspectUpTo( TYPE_INTROSPECTED )
2021-04-17 23:15:57.091 START: workQueue.size: 1, waited for: 1585ms, org.apache.isis.core.metamodel.services.persistsession.PersistenceSessionServiceInternalNoop: #introspectUpTo( TYPE_INTROSPECTED )
2021-04-17 23:15:57.112 END: completed in: 41ms, org.apache.isis.core.metamodel.services.metamodel.MetaModelServiceDefault: #introspectUpTo( TYPE_INTROSPECTED )
2021-04-17 23:15:57.113 START: workQueue.size: 1, waited for: 1614ms, org.apache.isis.core.metamodel.services.registry.ServiceRegistryDefault: #introspectUpTo( TYPE_INTROSPECTED )
2021-04-17 23:15:57.130 END: completed in: 45ms, org.apache.isis.core.metamodel.services.persistsession.PersistenceSessionServiceInternalNoop: #introspectUpTo( TYPE_INTROSPECTED )
2021-04-17 23:15:57.130 START: workQueue.size: 1, waited for: 1631ms, org.apache.isis.core.metamodel.services.repository.RepositoryServiceInternalDefault: #introspectUpTo( TYPE_INTROSPECTED )
2021-04-17 23:15:57.132 END: completed in: 19ms, org.apache.isis.core.metamodel.services.registry.ServiceRegistryDefault: #introspectUpTo( TYPE_INTROSPECTED )
2021-04-17 23:15:57.132 START: workQueue.size: 1, waited for: 1633ms, org.apache.isis.core.metamodel.services.swagger.SwaggerServiceDefault: #introspectUpTo( TYPE_INTROSPECTED )
2021-04-17 23:15:57.152 END: completed in: 20ms, org.apache.isis.core.metamodel.services.swagger.SwaggerServiceDefault: #introspectUpTo( TYPE_INTROSPECTED )
2021-04-17 23:15:57.152 START: workQueue.size: 1, waited for: 1653ms, org.apache.isis.core.metamodel.services.title.TitleServiceDefault: #introspectUpTo( TYPE_INTROSPECTED )
2021-04-17 23:15:57.160 END: completed in: 30ms, org.apache.isis.core.metamodel.services.repository.RepositoryServiceInternalDefault: #introspectUpTo( TYPE_INTROSPECTED )
2021-04-17 23:15:57.160 START: workQueue.size: 1, waited for: 1661ms, org.apache.isis.core.metamodel.services.user.UserServiceDefault: #introspectUpTo( TYPE_INTROSPECTED )
2021-04-17 23:15:57.161 END: completed in: 9ms, org.apache.isis.core.metamodel.services.title.TitleServiceDefault: #introspectUpTo( TYPE_INTROSPECTED )
2021-04-17 23:15:57.161 START: workQueue.size: 1, waited for: 1662ms, org.apache.isis.core.metamodel.services.user.UserServiceDefault$SudoServiceSpi: #introspectUpTo( TYPE_INTROSPECTED )
2021-04-17 23:15:57.170 END: completed in: 8ms, org.apache.isis.core.metamodel.services.user.UserServiceDefault$SudoServiceSpi: #introspectUpTo( TYPE_INTROSPECTED )
2021-04-17 23:15:57.170 START: workQueue.size: 1, waited for: 1671ms, org.apache.isis.core.metamodel.services.xactn.TransactionServiceDefault: #introspectUpTo( TYPE_INTROSPECTED )
2021-04-17 23:15:57.174 END: completed in: 14ms, org.apache.isis.core.metamodel.services.user.UserServiceDefault: #introspectUpTo( TYPE_INTROSPECTED )
2021-04-17 23:15:57.179 END: completed in: 9ms, org.apache.isis.core.metamodel.services.xactn.TransactionServiceDefault: #introspectUpTo( TYPE_INTROSPECTED )
2021-04-17 23:15:57.180 START: workQueue.size: 1, waited for: 1681ms, org.apache.isis.core.runtime.services.auditing.AuditingServiceInternal: #introspectUpTo( TYPE_INTROSPECTED )
2021-04-17 23:15:57.185 START: workQueue.size: 1, waited for: 1686ms, org.apache.isis.core.runtime.services.authsess.AuthenticationSessionProviderDefault: #introspectUpTo( TYPE_INTROSPECTED )
2021-04-17 23:15:57.189 END: completed in: 9ms, org.apache.isis.core.runtime.services.auditing.AuditingServiceInternal: #introspectUpTo( TYPE_INTROSPECTED )
2021-04-17 23:15:57.189 START: workQueue.size: 1, waited for: 1690ms, org.apache.isis.core.runtime.services.background.BackgroundServiceDefault: #introspectUpTo( TYPE_INTROSPECTED )
2021-04-17 23:15:57.201 END: completed in: 16ms, org.apache.isis.core.runtime.services.authsess.AuthenticationSessionProviderDefault: #introspectUpTo( TYPE_INTROSPECTED )
2021-04-17 23:15:57.203 END: completed in: 14ms, org.apache.isis.core.runtime.services.background.BackgroundServiceDefault: #introspectUpTo( TYPE_INTROSPECTED )
2021-04-17 23:15:57.203 START: workQueue.size: 1, waited for: 1704ms, org.apache.isis.core.runtime.services.command.CommandDtoServiceInternalDefault: #introspectUpTo( TYPE_INTROSPECTED )
2021-04-17 23:15:57.204 START: workQueue.size: 1, waited for: 1702ms, org.apache.isis.core.runtime.services.changes.ChangedObjectsServiceInternal: #introspectUpTo( TYPE_INTROSPECTED )
2021-04-17 23:15:57.214 END: completed in: 10ms, org.apache.isis.core.runtime.services.command.CommandDtoServiceInternalDefault: #introspectUpTo( TYPE_INTROSPECTED )
2021-04-17 23:15:57.214 START: workQueue.size: 1, waited for: 1715ms, org.apache.isis.core.runtime.services.command.CommandServiceDefault: #introspectUpTo( TYPE_INTROSPECTED )
2021-04-17 23:15:57.217 END: completed in: 16ms, org.apache.isis.core.runtime.services.changes.ChangedObjectsServiceInternal: #introspectUpTo( TYPE_INTROSPECTED )
2021-04-17 23:15:57.217 START: workQueue.size: 1, waited for: 1718ms, org.apache.isis.core.runtime.services.email.EmailServiceDefault: #introspectUpTo( TYPE_INTROSPECTED )
2021-04-17 23:15:57.222 END: completed in: 8ms, org.apache.isis.core.runtime.services.command.CommandServiceDefault: #introspectUpTo( TYPE_INTROSPECTED )
2021-04-17 23:15:57.223 START: workQueue.size: 1, waited for: 1724ms, org.apache.isis.core.runtime.services.homepage.HomePageProviderServiceDefault: #introspectUpTo( TYPE_INTROSPECTED )
2021-04-17 23:15:57.229 END: completed in: 12ms, org.apache.isis.core.runtime.services.email.EmailServiceDefault: #introspectUpTo( TYPE_INTROSPECTED )
2021-04-17 23:15:57.229 START: workQueue.size: 1, waited for: 1730ms, org.apache.isis.core.runtime.services.i18n.po.TranslationServicePo: #introspectUpTo( TYPE_INTROSPECTED )
2021-04-17 23:15:57.230 END: completed in: 7ms, org.apache.isis.core.runtime.services.homepage.HomePageProviderServiceDefault: #introspectUpTo( TYPE_INTROSPECTED )
2021-04-17 23:15:57.230 START: workQueue.size: 1, waited for: 1731ms, org.apache.isis.core.runtime.services.ixn.InteractionDtoServiceInternalDefault: #introspectUpTo( TYPE_INTROSPECTED )
2021-04-17 23:15:57.238 END: completed in: 8ms, org.apache.isis.core.runtime.services.ixn.InteractionDtoServiceInternalDefault: #introspectUpTo( TYPE_INTROSPECTED )
2021-04-17 23:15:57.239 START: workQueue.size: 1, waited for: 1740ms, org.apache.isis.core.runtime.services.memento.MementoServiceDefault: #introspectUpTo( TYPE_INTROSPECTED )
2021-04-17 23:15:57.242 END: completed in: 12ms, org.apache.isis.core.runtime.services.i18n.po.TranslationServicePo: #introspectUpTo( TYPE_INTROSPECTED )
2021-04-17 23:15:57.260 START: workQueue.size: 1, waited for: 1761ms, org.apache.isis.core.runtime.services.metrics.MetricsServiceDefault: #introspectUpTo( TYPE_INTROSPECTED )
2021-04-17 23:15:57.267 END: completed in: 7ms, org.apache.isis.core.runtime.services.metrics.MetricsServiceDefault: #introspectUpTo( TYPE_INTROSPECTED )
2021-04-17 23:15:57.267 START: workQueue.size: 1, waited for: 1768ms, org.apache.isis.core.runtime.services.publish.PublishingServiceInternalDefault: #introspectUpTo( TYPE_INTROSPECTED )
2021-04-17 23:15:57.272 END: completed in: 33ms, org.apache.isis.core.runtime.services.memento.MementoServiceDefault: #introspectUpTo( TYPE_INTROSPECTED )
2021-04-17 23:15:57.273 START: workQueue.size: 1, waited for: 1773ms, org.apache.isis.core.runtime.services.sessmgmt.SessionManagementServiceDefault: #introspectUpTo( TYPE_INTROSPECTED )
2021-04-17 23:15:57.283 END: completed in: 11ms, org.apache.isis.core.runtime.services.sessmgmt.SessionManagementServiceDefault: #introspectUpTo( TYPE_INTROSPECTED )
2021-04-17 23:15:57.283 START: workQueue.size: 1, waited for: 1784ms, org.apache.isis.core.runtime.services.sudo.SudoServiceDefault: #introspectUpTo( TYPE_INTROSPECTED )
2021-04-17 23:15:57.285 END: completed in: 18ms, org.apache.isis.core.runtime.services.publish.PublishingServiceInternalDefault: #introspectUpTo( TYPE_INTROSPECTED )
2021-04-17 23:15:57.293 START: workQueue.size: 1, waited for: 1794ms, org.apache.isis.core.runtime.services.userreg.EmailNotificationServiceDefault: #introspectUpTo( TYPE_INTROSPECTED )
2021-04-17 23:15:57.304 END: completed in: 21ms, org.apache.isis.core.runtime.services.sudo.SudoServiceDefault: #introspectUpTo( TYPE_INTROSPECTED )
2021-04-17 23:15:57.305 START: workQueue.size: 1, waited for: 1805ms, org.apache.isis.core.runtime.services.xmlsnapshot.XmlSnapshotServiceDefault: #introspectUpTo( TYPE_INTROSPECTED )
2021-04-17 23:15:57.311 END: completed in: 18ms, org.apache.isis.core.runtime.services.userreg.EmailNotificationServiceDefault: #introspectUpTo( TYPE_INTROSPECTED )
2021-04-17 23:15:57.318 START: workQueue.size: 1, waited for: 1819ms, org.apache.isis.core.wrapper.WrapperFactoryDefault: #introspectUpTo( TYPE_INTROSPECTED )
2021-04-17 23:15:57.322 END: completed in: 18ms, org.apache.isis.core.runtime.services.xmlsnapshot.XmlSnapshotServiceDefault: #introspectUpTo( TYPE_INTROSPECTED )
2021-04-17 23:15:57.322 START: workQueue.size: 1, waited for: 1823ms, org.apache.isis.objectstore.jdo.applib.service.exceprecog.ExceptionRecognizerCompositeForJdoObjectStore: #introspectUpTo( TYPE_INTROSPECTED )
2021-04-17 23:15:57.329 END: completed in: 11ms, org.apache.isis.core.wrapper.WrapperFactoryDefault: #introspectUpTo( TYPE_INTROSPECTED )
2021-04-17 23:15:57.332 START: workQueue.size: 1, waited for: 1833ms, org.apache.isis.objectstore.jdo.datanucleus.service.support.IsisJdoSupportImpl: #introspectUpTo( TYPE_INTROSPECTED )
2021-04-17 23:15:57.348 END: completed in: 26ms, org.apache.isis.objectstore.jdo.applib.service.exceprecog.ExceptionRecognizerCompositeForJdoObjectStore: #introspectUpTo( TYPE_INTROSPECTED )
2021-04-17 23:15:57.352 START: workQueue.size: 1, waited for: 1852ms, org.apache.isis.objectstore.jdo.datanucleus.service.support.TimestampService: #introspectUpTo( TYPE_INTROSPECTED )
2021-04-17 23:15:57.355 END: completed in: 21ms, org.apache.isis.objectstore.jdo.datanucleus.service.support.IsisJdoSupportImpl: #introspectUpTo( TYPE_INTROSPECTED )
2021-04-17 23:15:57.356 START: workQueue.size: 1, waited for: 1857ms, org.apache.isis.schema.services.jaxb.JaxbServiceDefault: #introspectUpTo( TYPE_INTROSPECTED )
2021-04-17 23:15:57.363 END: completed in: 12ms, org.apache.isis.objectstore.jdo.datanucleus.service.support.TimestampService: #introspectUpTo( TYPE_INTROSPECTED )
2021-04-17 23:15:57.364 START: workQueue.size: 1, waited for: 1865ms, org.apache.isis.viewer.restfulobjects.rendering.service.RepresentationServiceContentNegotiator: #introspectUpTo( TYPE_INTROSPECTED )
2021-04-17 23:15:57.372 END: completed in: 8ms, org.apache.isis.viewer.restfulobjects.rendering.service.RepresentationServiceContentNegotiator: #introspectUpTo( TYPE_INTROSPECTED )
2021-04-17 23:15:57.373 START: workQueue.size: 1, waited for: 1874ms, org.apache.isis.viewer.restfulobjects.rendering.service.RepresentationServiceForRestfulObjects: #introspectUpTo( TYPE_INTROSPECTED )
2021-04-17 23:15:57.373 END: completed in: 17ms, org.apache.isis.schema.services.jaxb.JaxbServiceDefault: #introspectUpTo( TYPE_INTROSPECTED )
2021-04-17 23:15:57.374 START: workQueue.size: 1, waited for: 1875ms, org.apache.isis.viewer.restfulobjects.rendering.service.acceptheader.AcceptHeaderServiceForRest: #introspectUpTo( TYPE_INTROSPECTED )
2021-04-17 23:15:57.381 END: completed in: 8ms, org.apache.isis.viewer.restfulobjects.rendering.service.RepresentationServiceForRestfulObjects: #introspectUpTo( TYPE_INTROSPECTED )
2021-04-17 23:15:57.382 START: workQueue.size: 1, waited for: 1883ms, org.apache.isis.viewer.restfulobjects.rendering.service.conneg.ContentNegotiationServiceForRestfulObjectsV1_0: #introspectUpTo( TYPE_INTROSPECTED )
2021-04-17 23:15:57.388 END: completed in: 14ms, org.apache.isis.viewer.restfulobjects.rendering.service.acceptheader.AcceptHeaderServiceForRest: #introspectUpTo( TYPE_INTROSPECTED )
2021-04-17 23:15:57.389 START: workQueue.size: 1, waited for: 1890ms, org.apache.isis.viewer.wicket.viewer.services.BookmarkUiServiceWicket: #introspectUpTo( TYPE_INTROSPECTED )
2021-04-17 23:15:57.391 END: completed in: 8ms, org.apache.isis.viewer.restfulobjects.rendering.service.conneg.ContentNegotiationServiceForRestfulObjectsV1_0: #introspectUpTo( TYPE_INTROSPECTED )
2021-04-17 23:15:57.391 START: workQueue.size: 1, waited for: 1892ms, org.apache.isis.viewer.wicket.viewer.services.DeepLinkServiceWicket: #introspectUpTo( TYPE_INTROSPECTED )
2021-04-17 23:15:57.398 END: completed in: 7ms, org.apache.isis.viewer.wicket.viewer.services.DeepLinkServiceWicket: #introspectUpTo( TYPE_INTROSPECTED )
2021-04-17 23:15:57.398 START: workQueue.size: 1, waited for: 1899ms, org.apache.isis.viewer.wicket.viewer.services.GuiceBeanProviderWicket: #introspectUpTo( TYPE_INTROSPECTED )
2021-04-17 23:15:57.404 END: completed in: 6ms, org.apache.isis.viewer.wicket.viewer.services.GuiceBeanProviderWicket: #introspectUpTo( TYPE_INTROSPECTED )
2021-04-17 23:15:57.405 START: workQueue.size: 1, waited for: 1906ms, org.apache.isis.viewer.wicket.viewer.services.HintStoreUsingWicketSession: #introspectUpTo( TYPE_INTROSPECTED )
2021-04-17 23:15:57.405 END: completed in: 16ms, org.apache.isis.viewer.wicket.viewer.services.BookmarkUiServiceWicket: #introspectUpTo( TYPE_INTROSPECTED )
2021-04-17 23:15:57.405 START: workQueue.size: 1, waited for: 1906ms, org.apache.isis.viewer.wicket.viewer.services.LocaleProviderWicket: #introspectUpTo( TYPE_INTROSPECTED )
2021-04-17 23:15:57.411 END: completed in: 6ms, org.apache.isis.viewer.wicket.viewer.services.LocaleProviderWicket: #introspectUpTo( TYPE_INTROSPECTED )
2021-04-17 23:15:57.411 START: workQueue.size: 1, waited for: 1912ms, org.apache.isis.viewer.wicket.viewer.services.TranslationsResolverWicket: #introspectUpTo( TYPE_INTROSPECTED )
2021-04-17 23:15:57.414 END: completed in: 9ms, org.apache.isis.viewer.wicket.viewer.services.HintStoreUsingWicketSession: #introspectUpTo( TYPE_INTROSPECTED )
2021-04-17 23:15:57.415 START: workQueue.size: 1, waited for: 1916ms, org.apache.isis.applib.services.dto.Dto_downloadXml: #introspectUpTo( TYPE_INTROSPECTED )
2021-04-17 23:15:57.419 END: completed in: 7ms, org.apache.isis.viewer.wicket.viewer.services.TranslationsResolverWicket: #introspectUpTo( TYPE_INTROSPECTED )
2021-04-17 23:15:57.422 START: workQueue.size: 1, waited for: 1922ms, org.apache.isis.core.metamodel.services.jdosupport.Persistable_datanucleusVersionTimestamp: #introspectUpTo( TYPE_INTROSPECTED )
2021-04-17 23:15:57.424 END: completed in: 9ms, org.apache.isis.applib.services.dto.Dto_downloadXml: #introspectUpTo( TYPE_INTROSPECTED )
2021-04-17 23:15:57.427 START: workQueue.size: 1, waited for: 1928ms, org.apache.isis.viewer.wicket.viewer.services.Object_clearHints: #introspectUpTo( TYPE_INTROSPECTED )
2021-04-17 23:15:57.449 END: completed in: 22ms, org.apache.isis.viewer.wicket.viewer.services.Object_clearHints: #introspectUpTo( TYPE_INTROSPECTED )
2021-04-17 23:15:57.450 START: workQueue.size: 1, waited for: 1950ms, org.apache.isis.core.metamodel.services.jdosupport.Persistable_datanucleusVersionLong: #introspectUpTo( TYPE_INTROSPECTED )
2021-04-17 23:15:57.452 END: completed in: 31ms, org.apache.isis.core.metamodel.services.jdosupport.Persistable_datanucleusVersionTimestamp: #introspectUpTo( TYPE_INTROSPECTED )
2021-04-17 23:15:57.452 START: workQueue.size: 1, waited for: 1953ms, org.apache.isis.core.metamodel.services.jdosupport.Persistable_datanucleusIdLong: #introspectUpTo( TYPE_INTROSPECTED )
2021-04-17 23:15:57.464 END: completed in: 14ms, org.apache.isis.core.metamodel.services.jdosupport.Persistable_datanucleusVersionLong: #introspectUpTo( TYPE_INTROSPECTED )
2021-04-17 23:15:57.466 END: completed in: 14ms, org.apache.isis.core.metamodel.services.jdosupport.Persistable_datanucleusIdLong: #introspectUpTo( TYPE_INTROSPECTED )
2021-04-17 23:15:57.467 START: workQueue.size: 1, waited for: 1968ms, org.apache.isis.applib.services.bookmark.BookmarkHolder_object: #introspectUpTo( TYPE_INTROSPECTED )
2021-04-17 23:15:57.470 START: workQueue.size: 1, waited for: 1971ms, org.apache.isis.core.metamodel.services.jdosupport.Persistable_downloadJdoMetadata: #introspectUpTo( TYPE_INTROSPECTED )
2021-04-17 23:15:57.479 END: completed in: 12ms, org.apache.isis.applib.services.bookmark.BookmarkHolder_object: #introspectUpTo( TYPE_INTROSPECTED )
2021-04-17 23:15:57.481 END: completed in: 11ms, org.apache.isis.core.metamodel.services.jdosupport.Persistable_downloadJdoMetadata: #introspectUpTo( TYPE_INTROSPECTED )
2021-04-17 23:15:57.482 START: workQueue.size: 1, waited for: 1983ms, org.apache.isis.applib.services.bookmark.BookmarkHolder_lookup: #introspectUpTo( TYPE_INTROSPECTED )
2021-04-17 23:15:57.484 START: workQueue.size: 1, waited for: 1985ms, org.apache.isis.applib.services.dto.Dto_downloadXsd: #introspectUpTo( TYPE_INTROSPECTED )
2021-04-17 23:15:57.494 END: completed in: 10ms, org.apache.isis.applib.services.dto.Dto_downloadXsd: #introspectUpTo( TYPE_INTROSPECTED )
2021-04-17 23:15:57.494 START: workQueue.size: 1, waited for: 1995ms, org.apache.isis.applib.services.layout.Object_rebuildMetamodel: #introspectUpTo( TYPE_INTROSPECTED )
2021-04-17 23:15:57.497 END: completed in: 15ms, org.apache.isis.applib.services.bookmark.BookmarkHolder_lookup: #introspectUpTo( TYPE_INTROSPECTED )
2021-04-17 23:15:57.498 START: workQueue.size: 1, waited for: 1999ms, org.apache.isis.applib.services.layout.Object_openRestApi: #introspectUpTo( TYPE_INTROSPECTED )
2021-04-17 23:15:57.506 END: completed in: 8ms, org.apache.isis.applib.services.layout.Object_openRestApi: #introspectUpTo( TYPE_INTROSPECTED )
2021-04-17 23:15:57.506 START: workQueue.size: 1, waited for: 2007ms, org.apache.isis.applib.services.layout.Object_downloadLayoutXml: #introspectUpTo( TYPE_INTROSPECTED )
2021-04-17 23:15:57.512 END: completed in: 17ms, org.apache.isis.applib.services.layout.Object_rebuildMetamodel: #introspectUpTo( TYPE_INTROSPECTED )
2021-04-17 23:15:57.512 START: workQueue.size: 1, waited for: 2013ms, java.lang.String: #introspectUpTo( TYPE_INTROSPECTED )
2021-04-17 23:15:57.524 END: completed in: 18ms, org.apache.isis.applib.services.layout.Object_downloadLayoutXml: #introspectUpTo( TYPE_INTROSPECTED )
2021-04-17 23:15:57.525 START: workQueue.size: 1, waited for: 2026ms, byte: #introspectUpTo( TYPE_INTROSPECTED )
2021-04-17 23:15:57.579 END: completed in: 54ms, byte: #introspectUpTo( TYPE_INTROSPECTED )
2021-04-17 23:15:57.579 START: workQueue.size: 1, waited for: 2080ms, java.lang.Byte: #introspectUpTo( TYPE_INTROSPECTED )
2021-04-17 23:15:57.632 END: completed in: 53ms, java.lang.Byte: #introspectUpTo( TYPE_INTROSPECTED )
2021-04-17 23:15:57.634 START: workQueue.size: 1, waited for: 2134ms, short: #introspectUpTo( TYPE_INTROSPECTED )
2021-04-17 23:15:57.636 END: completed in: 3ms, short: #introspectUpTo( TYPE_INTROSPECTED )
2021-04-17 23:15:57.636 START: workQueue.size: 1, waited for: 2137ms, java.lang.Short: #introspectUpTo( TYPE_INTROSPECTED )
2021-04-17 23:15:57.659 END: completed in: 23ms, java.lang.Short: #introspectUpTo( TYPE_INTROSPECTED )
2021-04-17 23:15:57.659 START: workQueue.size: 1, waited for: 2160ms, int: #introspectUpTo( TYPE_INTROSPECTED )
2021-04-17 23:15:57.687 END: completed in: 26ms, int: #introspectUpTo( TYPE_INTROSPECTED )
2021-04-17 23:15:57.689 START: workQueue.size: 1, waited for: 2188ms, java.lang.Integer: #introspectUpTo( TYPE_INTROSPECTED )
2021-04-17 23:15:57.706 END: completed in: 194ms, java.lang.String: #introspectUpTo( TYPE_INTROSPECTED )
2021-04-17 23:15:57.708 START: workQueue.size: 1, waited for: 2208ms, long: #introspectUpTo( TYPE_INTROSPECTED )
2021-04-17 23:15:57.715 END: completed in: 7ms, long: #introspectUpTo( TYPE_INTROSPECTED )
2021-04-17 23:15:57.715 START: workQueue.size: 1, waited for: 2216ms, java.lang.Long: #introspectUpTo( TYPE_INTROSPECTED )
2021-04-17 23:15:57.740 END: completed in: 53ms, java.lang.Integer: #introspectUpTo( TYPE_INTROSPECTED )
2021-04-17 23:15:57.741 START: workQueue.size: 1, waited for: 2242ms, char: #introspectUpTo( TYPE_INTROSPECTED )
2021-04-17 23:15:57.757 END: completed in: 41ms, java.lang.Long: #introspectUpTo( TYPE_INTROSPECTED )
2021-04-17 23:15:57.757 START: workQueue.size: 1, waited for: 2258ms, java.lang.Character: #introspectUpTo( TYPE_INTROSPECTED )
2021-04-17 23:15:57.772 END: completed in: 31ms, char: #introspectUpTo( TYPE_INTROSPECTED )
2021-04-17 23:15:57.773 START: workQueue.size: 1, waited for: 2274ms, boolean: #introspectUpTo( TYPE_INTROSPECTED )
2021-04-17 23:15:57.778 END: completed in: 5ms, boolean: #introspectUpTo( TYPE_INTROSPECTED )
2021-04-17 23:15:57.778 START: workQueue.size: 1, waited for: 2279ms, java.lang.Boolean: #introspectUpTo( TYPE_INTROSPECTED )
2021-04-17 23:15:57.825 END: completed in: 47ms, java.lang.Boolean: #introspectUpTo( TYPE_INTROSPECTED )
2021-04-17 23:15:57.828 START: workQueue.size: 1, waited for: 2326ms, float: #introspectUpTo( TYPE_INTROSPECTED )
2021-04-17 23:15:57.836 END: completed in: 11ms, float: #introspectUpTo( TYPE_INTROSPECTED )
2021-04-17 23:15:57.836 START: workQueue.size: 1, waited for: 2337ms, java.lang.Float: #introspectUpTo( TYPE_INTROSPECTED )
2021-04-17 23:15:57.871 END: completed in: 35ms, java.lang.Float: #introspectUpTo( TYPE_INTROSPECTED )
2021-04-17 23:15:57.871 START: workQueue.size: 1, waited for: 2372ms, double: #introspectUpTo( TYPE_INTROSPECTED )
2021-04-17 23:15:57.874 END: completed in: 3ms, double: #introspectUpTo( TYPE_INTROSPECTED )
2021-04-17 23:15:57.874 START: workQueue.size: 1, waited for: 2375ms, java.lang.Double: #introspectUpTo( TYPE_INTROSPECTED )
2021-04-17 23:15:57.920 END: completed in: 46ms, java.lang.Double: #introspectUpTo( TYPE_INTROSPECTED )
2021-04-17 23:15:57.921 START: workQueue.size: 1, waited for: 2422ms, java.math.BigInteger: #introspectUpTo( TYPE_INTROSPECTED )
2021-04-17 23:15:57.946 END: completed in: 189ms, java.lang.Character: #introspectUpTo( TYPE_INTROSPECTED )
2021-04-17 23:15:57.947 START: workQueue.size: 1, waited for: 2447ms, java.math.BigDecimal: #introspectUpTo( TYPE_INTROSPECTED )
2021-04-17 23:15:57.993 END: completed in: 71ms, java.math.BigInteger: #introspectUpTo( TYPE_INTROSPECTED )
2021-04-17 23:15:57.993 START: workQueue.size: 1, waited for: 2494ms, org.joda.time.DateTime: #introspectUpTo( TYPE_INTROSPECTED )
2021-04-17 23:15:58.044 END: completed in: 98ms, java.math.BigDecimal: #introspectUpTo( TYPE_INTROSPECTED )
2021-04-17 23:15:58.050 START: workQueue.size: 1, waited for: 2551ms, org.joda.time.LocalDateTime: #introspectUpTo( TYPE_INTROSPECTED )
2021-04-17 23:15:58.412 END: completed in: 419ms, org.joda.time.DateTime: #introspectUpTo( TYPE_INTROSPECTED )
2021-04-17 23:15:58.413 START: workQueue.size: 1, waited for: 2914ms, org.joda.time.LocalDate: #introspectUpTo( TYPE_INTROSPECTED )
2021-04-17 23:15:58.417 END: completed in: 367ms, org.joda.time.LocalDateTime: #introspectUpTo( TYPE_INTROSPECTED )
2021-04-17 23:15:58.418 START: workQueue.size: 1, waited for: 2919ms, org.joda.time.LocalTime: #introspectUpTo( TYPE_INTROSPECTED )
2021-04-17 23:15:58.555 END: completed in: 137ms, org.joda.time.LocalTime: #introspectUpTo( TYPE_INTROSPECTED )
2021-04-17 23:15:58.555 START: workQueue.size: 1, waited for: 3056ms, java.sql.Timestamp: #introspectUpTo( TYPE_INTROSPECTED )
2021-04-17 23:15:58.597 END: completed in: 184ms, org.joda.time.LocalDate: #introspectUpTo( TYPE_INTROSPECTED )
2021-04-17 23:15:58.597 START: workQueue.size: 1, waited for: 3098ms, org.apache.isis.applib.value.Blob: #introspectUpTo( TYPE_INTROSPECTED )
2021-04-17 23:15:58.605 END: completed in: 8ms, org.apache.isis.applib.value.Blob: #introspectUpTo( TYPE_INTROSPECTED )
2021-04-17 23:15:58.606 START: workQueue.size: 1, waited for: 3107ms, org.apache.isis.applib.value.Clob: #introspectUpTo( TYPE_INTROSPECTED )
2021-04-17 23:15:58.616 END: completed in: 61ms, java.sql.Timestamp: #introspectUpTo( TYPE_INTROSPECTED )
2021-04-17 23:15:58.616 START: workQueue.size: 1, waited for: 3117ms, org.apache.isis.applib.services.config.ConfigurationProperty: #introspectUpTo( TYPE_INTROSPECTED )
2021-04-17 23:15:58.622 END: completed in: 16ms, org.apache.isis.applib.value.Clob: #introspectUpTo( TYPE_INTROSPECTED )
2021-04-17 23:15:58.622 START: workQueue.size: 1, waited for: 3123ms, domainapp.modules.simple.dom.impl.SimpleObject: #introspectUpTo( TYPE_INTROSPECTED )
2021-04-17 23:15:58.752 END: completed in: 136ms, org.apache.isis.applib.services.config.ConfigurationProperty: #introspectUpTo( TYPE_INTROSPECTED )
2021-04-17 23:15:58.753 START: workQueue.size: 1, waited for: 3254ms, domainapp.modules.simple.dom.profesor.Profesor: #introspectUpTo( TYPE_INTROSPECTED )
2021-04-17 23:15:58.797 END: completed in: 175ms, domainapp.modules.simple.dom.impl.SimpleObject: #introspectUpTo( TYPE_INTROSPECTED )
2021-04-17 23:15:58.797 START: workQueue.size: 1, waited for: 3298ms, org.apache.isis.objectstore.jdo.applib.service.DomainChangeJdoAbstract: #introspectUpTo( TYPE_INTROSPECTED )
2021-04-17 23:15:58.841 END: completed in: 88ms, domainapp.modules.simple.dom.profesor.Profesor: #introspectUpTo( TYPE_INTROSPECTED )
2021-04-17 23:15:58.842 START: workQueue.size: 1, waited for: 3343ms, domainapp.application.services.homepage.HomePageViewModel: #introspectUpTo( TYPE_INTROSPECTED )
2021-04-17 23:15:58.855 END: completed in: 13ms, domainapp.application.services.homepage.HomePageViewModel: #introspectUpTo( TYPE_INTROSPECTED )
2021-04-17 23:15:58.857 START: workQueue.size: 1, waited for: 3356ms, org.apache.isis.applib.fixturescripts.FixtureResult: #introspectUpTo( TYPE_INTROSPECTED )
2021-04-17 23:15:58.862 END: completed in: 65ms, org.apache.isis.objectstore.jdo.applib.service.DomainChangeJdoAbstract: #introspectUpTo( TYPE_INTROSPECTED )
2021-04-17 23:15:58.862 START: workQueue.size: 1, waited for: 3363ms, org.apache.isis.applib.domain.DomainObjectList: #introspectUpTo( TYPE_INTROSPECTED )
2021-04-17 23:15:58.870 END: completed in: 15ms, org.apache.isis.applib.fixturescripts.FixtureResult: #introspectUpTo( TYPE_INTROSPECTED )
2021-04-17 23:15:58.871 START: workQueue.size: 1, waited for: 3372ms, org.apache.isis.applib.fixturescripts.SimpleFixtureScript: #introspectUpTo( TYPE_INTROSPECTED )
2021-04-17 23:15:58.895 END: completed in: 33ms, org.apache.isis.applib.domain.DomainObjectList: #introspectUpTo( TYPE_INTROSPECTED )
2021-04-17 23:15:58.895 START: workQueue.size: 1, waited for: 3396ms, org.apache.isis.applib.fixturescripts.SimpleFixtureScript: #introspectUpTo( TYPE_INTROSPECTED )
2021-04-17 23:15:58.895 END: completed in: 0ms, org.apache.isis.applib.fixturescripts.SimpleFixtureScript: #introspectUpTo( TYPE_INTROSPECTED )
2021-04-17 23:15:58.899 START: workQueue.size: 1, waited for: 3398ms, org.apache.isis.applib.fixturescripts.DiscoverableFixtureScript: #introspectUpTo( TYPE_INTROSPECTED )
2021-04-17 23:15:58.919 END: completed in: 48ms, org.apache.isis.applib.fixturescripts.SimpleFixtureScript: #introspectUpTo( TYPE_INTROSPECTED )
2021-04-17 23:15:58.919 START: workQueue.size: 1, waited for: 3420ms, org.apache.isis.applib.fixturescripts.FixtureResult: #introspectUpTo( TYPE_INTROSPECTED )
2021-04-17 23:15:58.919 END: completed in: 0ms, org.apache.isis.applib.fixturescripts.FixtureResult: #introspectUpTo( TYPE_INTROSPECTED )
2021-04-17 23:15:58.920 START: workQueue.size: 1, waited for: 3421ms, org.apache.isis.applib.fixturescripts.FixtureScript: #introspectUpTo( TYPE_INTROSPECTED )
2021-04-17 23:15:58.967 END: completed in: 70ms, org.apache.isis.applib.fixturescripts.DiscoverableFixtureScript: #introspectUpTo( TYPE_INTROSPECTED )
2021-04-17 23:15:58.967 START: workQueue.size: 1, waited for: 3468ms, domainapp.application.fixture.scenarios.DomainAppDemo: #introspectUpTo( TYPE_INTROSPECTED )
2021-04-17 23:15:58.990 END: completed in: 23ms, domainapp.application.fixture.scenarios.DomainAppDemo: #introspectUpTo( TYPE_INTROSPECTED )
2021-04-17 23:15:59.012 END: completed in: 92ms, org.apache.isis.applib.fixturescripts.FixtureScript: #introspectUpTo( TYPE_INTROSPECTED )
2021-04-17 23:15:59.020 join'ing 150 tasks: waited 1 milliseconds 
2021-04-17 23:15:59.021 START: workQueue.size: 0, waited for: 0ms, org.apache.isis.core.runtime.system.session.IsisSessionFactory: #introspectUpTo( TYPE_AND_MEMBERS_INTROSPECTED )
2021-04-17 23:15:59.022 START: workQueue.size: 0, waited for: 1ms, org.apache.isis.core.runtime.system.persistence.PersistenceSessionFactory: #introspectUpTo( TYPE_AND_MEMBERS_INTROSPECTED )
2021-04-17 23:15:59.076 END: completed in: 55ms, org.apache.isis.core.runtime.system.session.IsisSessionFactory: #introspectUpTo( TYPE_AND_MEMBERS_INTROSPECTED )
2021-04-17 23:15:59.076 START: workQueue.size: 0, waited for: 55ms, org.apache.isis.core.metamodel.specloader.SpecificationLoader: #introspectUpTo( TYPE_AND_MEMBERS_INTROSPECTED )
2021-04-17 23:15:59.079 END: completed in: 3ms, org.apache.isis.core.metamodel.specloader.SpecificationLoader: #introspectUpTo( TYPE_AND_MEMBERS_INTROSPECTED )
2021-04-17 23:15:59.079 START: workQueue.size: 0, waited for: 58ms, org.apache.isis.core.runtime.authorization.standard.AuthorizationManagerStandard: #introspectUpTo( TYPE_AND_MEMBERS_INTROSPECTED )
2021-04-17 23:15:59.080 END: completed in: 1ms, org.apache.isis.core.runtime.authorization.standard.AuthorizationManagerStandard: #introspectUpTo( TYPE_AND_MEMBERS_INTROSPECTED )
2021-04-17 23:15:59.080 START: workQueue.size: 0, waited for: 59ms, org.apache.isis.core.runtime.authentication.standard.AuthenticationManagerStandard: #introspectUpTo( TYPE_AND_MEMBERS_INTROSPECTED )
2021-04-17 23:15:59.084 END: completed in: 4ms, org.apache.isis.core.runtime.authentication.standard.AuthenticationManagerStandard: #introspectUpTo( TYPE_AND_MEMBERS_INTROSPECTED )
2021-04-17 23:15:59.085 START: workQueue.size: 0, waited for: 64ms, org.apache.isis.core.commons.config.IsisConfigurationDefault: #introspectUpTo( TYPE_AND_MEMBERS_INTROSPECTED )
2021-04-17 23:15:59.086 END: completed in: 0ms, org.apache.isis.core.commons.config.IsisConfigurationDefault: #introspectUpTo( TYPE_AND_MEMBERS_INTROSPECTED )
2021-04-17 23:15:59.086 START: workQueue.size: 0, waited for: 65ms, org.apache.isis.core.runtime.services.deplcat.DeploymentCategoryProviderDefault: #introspectUpTo( TYPE_AND_MEMBERS_INTROSPECTED )
2021-04-17 23:15:59.090 END: completed in: 4ms, org.apache.isis.core.runtime.services.deplcat.DeploymentCategoryProviderDefault: #introspectUpTo( TYPE_AND_MEMBERS_INTROSPECTED )
2021-04-17 23:15:59.090 START: workQueue.size: 0, waited for: 69ms, org.apache.isis.objectstore.jdo.datanucleus.service.eventbus.EventBusServiceJdo: #introspectUpTo( TYPE_AND_MEMBERS_INTROSPECTED )
2021-04-17 23:15:59.093 END: completed in: 71ms, org.apache.isis.core.runtime.system.persistence.PersistenceSessionFactory: #introspectUpTo( TYPE_AND_MEMBERS_INTROSPECTED )
2021-04-17 23:15:59.093 START: workQueue.size: 0, waited for: 72ms, org.apache.isis.applib.services.queryresultscache.QueryResultsCache$Control: #introspectUpTo( TYPE_AND_MEMBERS_INTROSPECTED )
2021-04-17 23:15:59.094 END: completed in: 4ms, org.apache.isis.objectstore.jdo.datanucleus.service.eventbus.EventBusServiceJdo: #introspectUpTo( TYPE_AND_MEMBERS_INTROSPECTED )
2021-04-17 23:15:59.094 START: workQueue.size: 0, waited for: 73ms, domainapp.modules.simple.dom.impl.SimpleObjects: #introspectUpTo( TYPE_AND_MEMBERS_INTROSPECTED )
2021-04-17 23:15:59.097 END: completed in: 4ms, org.apache.isis.applib.services.queryresultscache.QueryResultsCache$Control: #introspectUpTo( TYPE_AND_MEMBERS_INTROSPECTED )
2021-04-17 23:15:59.098 START: workQueue.size: 0, waited for: 76ms, domainapp.modules.simple.dom.profesor.ProfesorRepositorio: #introspectUpTo( TYPE_AND_MEMBERS_INTROSPECTED )
2021-04-17 23:15:59.590 END: completed in: 493ms, domainapp.modules.simple.dom.profesor.ProfesorRepositorio: #introspectUpTo( TYPE_AND_MEMBERS_INTROSPECTED )
2021-04-17 23:15:59.591 START: workQueue.size: 0, waited for: 569ms, org.apache.isis.applib.services.fixturespec.FixtureScriptsDefault: #introspectUpTo( TYPE_AND_MEMBERS_INTROSPECTED )
2021-04-17 23:15:59.590 END: completed in: 496ms, domainapp.modules.simple.dom.impl.SimpleObjects: #introspectUpTo( TYPE_AND_MEMBERS_INTROSPECTED )
2021-04-17 23:15:59.596 START: workQueue.size: 0, waited for: 574ms, org.apache.isis.applib.services.layout.LayoutServiceMenu: #introspectUpTo( TYPE_AND_MEMBERS_INTROSPECTED )
2021-04-17 23:15:59.721 END: completed in: 126ms, org.apache.isis.applib.services.layout.LayoutServiceMenu: #introspectUpTo( TYPE_AND_MEMBERS_INTROSPECTED )
2021-04-17 23:15:59.723 START: workQueue.size: 0, waited for: 702ms, org.apache.isis.applib.services.metamodel.MetaModelServicesMenu: #introspectUpTo( TYPE_AND_MEMBERS_INTROSPECTED )
2021-04-17 23:16:01.101 END: completed in: 1377ms, org.apache.isis.applib.services.metamodel.MetaModelServicesMenu: #introspectUpTo( TYPE_AND_MEMBERS_INTROSPECTED )
2021-04-17 23:16:01.105 START: workQueue.size: 0, waited for: 2084ms, org.apache.isis.applib.services.swagger.SwaggerServiceMenu: #introspectUpTo( TYPE_AND_MEMBERS_INTROSPECTED )
2021-04-17 23:16:01.120 END: completed in: 1530ms, org.apache.isis.applib.services.fixturespec.FixtureScriptsDefault: #introspectUpTo( TYPE_AND_MEMBERS_INTROSPECTED )
2021-04-17 23:16:01.127 START: workQueue.size: 0, waited for: 2106ms, org.apache.isis.core.runtime.services.i18n.po.TranslationServicePoMenu: #introspectUpTo( TYPE_AND_MEMBERS_INTROSPECTED )
2021-04-17 23:16:01.216 END: completed in: 84ms, org.apache.isis.core.runtime.services.i18n.po.TranslationServicePoMenu: #introspectUpTo( TYPE_AND_MEMBERS_INTROSPECTED )
2021-04-17 23:16:01.216 START: workQueue.size: 0, waited for: 2195ms, org.apache.isis.applib.services.hsqldb.HsqlDbManagerMenu: #introspectUpTo( TYPE_AND_MEMBERS_INTROSPECTED )
2021-04-17 23:16:01.235 END: completed in: 14ms, org.apache.isis.applib.services.hsqldb.HsqlDbManagerMenu: #introspectUpTo( TYPE_AND_MEMBERS_INTROSPECTED )
2021-04-17 23:16:01.235 START: workQueue.size: 0, waited for: 2214ms, org.apache.isis.applib.services.config.ConfigurationServiceMenu: #introspectUpTo( TYPE_AND_MEMBERS_INTROSPECTED )
2021-04-17 23:16:01.253 END: completed in: 148ms, org.apache.isis.applib.services.swagger.SwaggerServiceMenu: #introspectUpTo( TYPE_AND_MEMBERS_INTROSPECTED )
2021-04-17 23:16:01.255 START: workQueue.size: 0, waited for: 2234ms, org.apache.isis.applib.conmap.ContentMappingServiceForCommandDto$CopyOverFromCommand: #introspectUpTo( TYPE_AND_MEMBERS_INTROSPECTED )
2021-04-17 23:16:01.255 END: completed in: 0ms, org.apache.isis.applib.conmap.ContentMappingServiceForCommandDto$CopyOverFromCommand: #introspectUpTo( TYPE_AND_MEMBERS_INTROSPECTED )
2021-04-17 23:16:01.256 START: workQueue.size: 0, waited for: 2235ms, domainapp.application.fixture.DomainAppFixtureScriptsSpecificationProvider: #introspectUpTo( TYPE_AND_MEMBERS_INTROSPECTED )
2021-04-17 23:16:01.259 END: completed in: 3ms, domainapp.application.fixture.DomainAppFixtureScriptsSpecificationProvider: #introspectUpTo( TYPE_AND_MEMBERS_INTROSPECTED )
2021-04-17 23:16:01.259 START: workQueue.size: 0, waited for: 2238ms, domainapp.application.services.health.HealthCheckServiceImpl: #introspectUpTo( TYPE_AND_MEMBERS_INTROSPECTED )
2021-04-17 23:16:01.260 END: completed in: 1ms, domainapp.application.services.health.HealthCheckServiceImpl: #introspectUpTo( TYPE_AND_MEMBERS_INTROSPECTED )
2021-04-17 23:16:01.280 END: completed in: 45ms, org.apache.isis.applib.services.config.ConfigurationServiceMenu: #introspectUpTo( TYPE_AND_MEMBERS_INTROSPECTED )
2021-04-17 23:16:01.282 START: workQueue.size: 0, waited for: 2239ms, domainapp.application.services.homepage.HomePageService: #introspectUpTo( TYPE_AND_MEMBERS_INTROSPECTED )
2021-04-17 23:16:01.288 START: workQueue.size: 0, waited for: 2267ms, org.apache.isis.applib.services.dto.DtoMappingHelper: #introspectUpTo( TYPE_AND_MEMBERS_INTROSPECTED )
2021-04-17 23:16:01.289 END: completed in: 1ms, org.apache.isis.applib.services.dto.DtoMappingHelper: #introspectUpTo( TYPE_AND_MEMBERS_INTROSPECTED )
2021-04-17 23:16:01.289 START: workQueue.size: 0, waited for: 2268ms, org.apache.isis.core.runtime.services.background.CommandExecutorServiceDefault: #introspectUpTo( TYPE_AND_MEMBERS_INTROSPECTED )
2021-04-17 23:16:01.290 END: completed in: 1ms, org.apache.isis.core.runtime.services.background.CommandExecutorServiceDefault: #introspectUpTo( TYPE_AND_MEMBERS_INTROSPECTED )
2021-04-17 23:16:01.290 START: workQueue.size: 0, waited for: 2269ms, org.apache.isis.core.runtime.services.menubars.MenuBarsLoaderServiceDefault: #introspectUpTo( TYPE_AND_MEMBERS_INTROSPECTED )
2021-04-17 23:16:01.291 END: completed in: 0ms, org.apache.isis.core.runtime.services.menubars.MenuBarsLoaderServiceDefault: #introspectUpTo( TYPE_AND_MEMBERS_INTROSPECTED )
2021-04-17 23:16:01.291 START: workQueue.size: 0, waited for: 2270ms, org.apache.isis.core.runtime.services.menubars.bootstrap3.MenuBarsServiceBS3: #introspectUpTo( TYPE_AND_MEMBERS_INTROSPECTED )
2021-04-17 23:16:01.291 END: completed in: 0ms, org.apache.isis.core.runtime.services.menubars.bootstrap3.MenuBarsServiceBS3: #introspectUpTo( TYPE_AND_MEMBERS_INTROSPECTED )
2021-04-17 23:16:01.291 START: workQueue.size: 0, waited for: 2270ms, org.apache.isis.core.runtime.services.userprof.UserProfileServiceDefault: #introspectUpTo( TYPE_AND_MEMBERS_INTROSPECTED )
2021-04-17 23:16:01.292 END: completed in: 1ms, org.apache.isis.core.runtime.services.userprof.UserProfileServiceDefault: #introspectUpTo( TYPE_AND_MEMBERS_INTROSPECTED )
2021-04-17 23:16:01.302 START: workQueue.size: 0, waited for: 2271ms, org.apache.isis.viewer.restfulobjects.rendering.service.conneg.ContentNegotiationServiceXRoDomainType: #introspectUpTo( TYPE_AND_MEMBERS_INTROSPECTED )
2021-04-17 23:16:01.312 END: completed in: 11ms, org.apache.isis.viewer.restfulobjects.rendering.service.conneg.ContentNegotiationServiceXRoDomainType: #introspectUpTo( TYPE_AND_MEMBERS_INTROSPECTED )
2021-04-17 23:16:01.313 START: workQueue.size: 0, waited for: 2292ms, org.apache.isis.viewer.restfulobjects.rendering.service.conneg.ContentNegotiationServiceOrgApacheIsisV1: #introspectUpTo( TYPE_AND_MEMBERS_INTROSPECTED )
2021-04-17 23:16:01.313 END: completed in: 0ms, org.apache.isis.viewer.restfulobjects.rendering.service.conneg.ContentNegotiationServiceOrgApacheIsisV1: #introspectUpTo( TYPE_AND_MEMBERS_INTROSPECTED )
2021-04-17 23:16:01.316 START: workQueue.size: 0, waited for: 2295ms, org.apache.isis.core.runtime.services.message.MessageServiceDefault: #introspectUpTo( TYPE_AND_MEMBERS_INTROSPECTED )
2021-04-17 23:16:01.317 END: completed in: 1ms, org.apache.isis.core.runtime.services.message.MessageServiceDefault: #introspectUpTo( TYPE_AND_MEMBERS_INTROSPECTED )
2021-04-17 23:16:01.317 START: workQueue.size: 0, waited for: 2296ms, org.apache.isis.core.runtime.services.persistsession.PersistenceSessionServiceInternalDefault: #introspectUpTo( TYPE_AND_MEMBERS_INTROSPECTED )
2021-04-17 23:16:01.315 END: completed in: 55ms, domainapp.application.services.homepage.HomePageService: #introspectUpTo( TYPE_AND_MEMBERS_INTROSPECTED )
2021-04-17 23:16:01.321 START: workQueue.size: 0, waited for: 2300ms, org.apache.isis.applib.annotation.Bulk$InteractionContext: #introspectUpTo( TYPE_AND_MEMBERS_INTROSPECTED )
2021-04-17 23:16:01.321 END: completed in: 0ms, org.apache.isis.applib.annotation.Bulk$InteractionContext: #introspectUpTo( TYPE_AND_MEMBERS_INTROSPECTED )
2021-04-17 23:16:01.321 START: workQueue.size: 0, waited for: 2300ms, org.apache.isis.applib.conmap.ContentMappingServiceForCommandDto: #introspectUpTo( TYPE_AND_MEMBERS_INTROSPECTED )
2021-04-17 23:16:01.322 END: completed in: 1ms, org.apache.isis.applib.conmap.ContentMappingServiceForCommandDto: #introspectUpTo( TYPE_AND_MEMBERS_INTROSPECTED )
2021-04-17 23:16:01.322 END: completed in: 5ms, org.apache.isis.core.runtime.services.persistsession.PersistenceSessionServiceInternalDefault: #introspectUpTo( TYPE_AND_MEMBERS_INTROSPECTED )
2021-04-17 23:16:01.322 START: workQueue.size: 0, waited for: 2301ms, org.apache.isis.applib.conmap.ContentMappingServiceForCommandsDto: #introspectUpTo( TYPE_AND_MEMBERS_INTROSPECTED )
2021-04-17 23:16:01.322 START: workQueue.size: 0, waited for: 2301ms, org.apache.isis.applib.fixturescripts.ExecutionParametersService: #introspectUpTo( TYPE_AND_MEMBERS_INTROSPECTED )
2021-04-17 23:16:01.323 END: completed in: 1ms, org.apache.isis.applib.conmap.ContentMappingServiceForCommandsDto: #introspectUpTo( TYPE_AND_MEMBERS_INTROSPECTED )
2021-04-17 23:16:01.323 END: completed in: 1ms, org.apache.isis.applib.fixturescripts.ExecutionParametersService: #introspectUpTo( TYPE_AND_MEMBERS_INTROSPECTED )
2021-04-17 23:16:01.323 START: workQueue.size: 0, waited for: 2302ms, org.apache.isis.applib.services.actinvoc.ActionInvocationContext: #introspectUpTo( TYPE_AND_MEMBERS_INTROSPECTED )
2021-04-17 23:16:01.323 START: workQueue.size: 0, waited for: 2302ms, org.apache.isis.applib.services.audit.AuditerServiceLogging: #introspectUpTo( TYPE_AND_MEMBERS_INTROSPECTED )
2021-04-17 23:16:01.324 END: completed in: 1ms, org.apache.isis.applib.services.actinvoc.ActionInvocationContext: #introspectUpTo( TYPE_AND_MEMBERS_INTROSPECTED )
2021-04-17 23:16:01.324 START: workQueue.size: 0, waited for: 2303ms, org.apache.isis.applib.services.classdiscovery.ClassDiscoveryServiceUsingReflections: #introspectUpTo( TYPE_AND_MEMBERS_INTROSPECTED )
2021-04-17 23:16:01.325 END: completed in: 0ms, org.apache.isis.applib.services.classdiscovery.ClassDiscoveryServiceUsingReflections: #introspectUpTo( TYPE_AND_MEMBERS_INTROSPECTED )
2021-04-17 23:16:01.325 START: workQueue.size: 0, waited for: 2304ms, org.apache.isis.applib.services.clock.ClockService: #introspectUpTo( TYPE_AND_MEMBERS_INTROSPECTED )
2021-04-17 23:16:01.325 END: completed in: 0ms, org.apache.isis.applib.services.clock.ClockService: #introspectUpTo( TYPE_AND_MEMBERS_INTROSPECTED )
2021-04-17 23:16:01.326 START: workQueue.size: 0, waited for: 2305ms, org.apache.isis.applib.services.command.CommandContext: #introspectUpTo( TYPE_AND_MEMBERS_INTROSPECTED )
2021-04-17 23:16:01.324 END: completed in: 1ms, org.apache.isis.applib.services.audit.AuditerServiceLogging: #introspectUpTo( TYPE_AND_MEMBERS_INTROSPECTED )
2021-04-17 23:16:01.331 START: workQueue.size: 0, waited for: 2310ms, org.apache.isis.applib.services.iactn.InteractionContext: #introspectUpTo( TYPE_AND_MEMBERS_INTROSPECTED )
2021-04-17 23:16:01.332 END: completed in: 1ms, org.apache.isis.applib.services.iactn.InteractionContext: #introspectUpTo( TYPE_AND_MEMBERS_INTROSPECTED )
2021-04-17 23:16:01.332 START: workQueue.size: 0, waited for: 2311ms, org.apache.isis.applib.services.publish.PublisherServiceLogging: #introspectUpTo( TYPE_AND_MEMBERS_INTROSPECTED )
2021-04-17 23:16:01.332 END: completed in: 6ms, org.apache.isis.applib.services.command.CommandContext: #introspectUpTo( TYPE_AND_MEMBERS_INTROSPECTED )
2021-04-17 23:16:01.333 END: completed in: 1ms, org.apache.isis.applib.services.publish.PublisherServiceLogging: #introspectUpTo( TYPE_AND_MEMBERS_INTROSPECTED )
2021-04-17 23:16:01.333 START: workQueue.size: 0, waited for: 2312ms, org.apache.isis.applib.services.queryresultscache.QueryResultsCache: #introspectUpTo( TYPE_AND_MEMBERS_INTROSPECTED )
2021-04-17 23:16:01.333 START: workQueue.size: 0, waited for: 2312ms, org.apache.isis.applib.services.routing.RoutingServiceDefault: #introspectUpTo( TYPE_AND_MEMBERS_INTROSPECTED )
2021-04-17 23:16:01.333 END: completed in: 0ms, org.apache.isis.applib.services.queryresultscache.QueryResultsCache: #introspectUpTo( TYPE_AND_MEMBERS_INTROSPECTED )
2021-04-17 23:16:01.334 START: workQueue.size: 0, waited for: 2313ms, org.apache.isis.applib.services.scratchpad.Scratchpad: #introspectUpTo( TYPE_AND_MEMBERS_INTROSPECTED )
2021-04-17 23:16:01.334 END: completed in: 0ms, org.apache.isis.applib.services.scratchpad.Scratchpad: #introspectUpTo( TYPE_AND_MEMBERS_INTROSPECTED )
2021-04-17 23:16:01.335 START: workQueue.size: 0, waited for: 2314ms, org.apache.isis.applib.services.tablecol.TableColumnOrderService$Default: #introspectUpTo( TYPE_AND_MEMBERS_INTROSPECTED )
2021-04-17 23:16:01.335 END: completed in: 0ms, org.apache.isis.applib.services.tablecol.TableColumnOrderService$Default: #introspectUpTo( TYPE_AND_MEMBERS_INTROSPECTED )
2021-04-17 23:16:01.335 START: workQueue.size: 0, waited for: 2314ms, org.apache.isis.applib.services.urlencoding.UrlEncodingServiceUsingBaseEncoding: #introspectUpTo( TYPE_AND_MEMBERS_INTROSPECTED )
2021-04-17 23:16:01.336 END: completed in: 1ms, org.apache.isis.applib.services.urlencoding.UrlEncodingServiceUsingBaseEncoding: #introspectUpTo( TYPE_AND_MEMBERS_INTROSPECTED )
2021-04-17 23:16:01.341 START: workQueue.size: 0, waited for: 2319ms, org.apache.isis.core.metamodel.services.appfeat.ApplicationFeatureFactory: #introspectUpTo( TYPE_AND_MEMBERS_INTROSPECTED )
2021-04-17 23:16:01.341 END: completed in: 1ms, org.apache.isis.core.metamodel.services.appfeat.ApplicationFeatureFactory: #introspectUpTo( TYPE_AND_MEMBERS_INTROSPECTED )
2021-04-17 23:16:01.342 START: workQueue.size: 0, waited for: 2320ms, org.apache.isis.core.metamodel.services.appfeat.ApplicationFeatureRepositoryDefault: #introspectUpTo( TYPE_AND_MEMBERS_INTROSPECTED )
2021-04-17 23:16:01.342 END: completed in: 1ms, org.apache.isis.core.metamodel.services.appfeat.ApplicationFeatureRepositoryDefault: #introspectUpTo( TYPE_AND_MEMBERS_INTROSPECTED )
2021-04-17 23:16:01.342 START: workQueue.size: 0, waited for: 2321ms, org.apache.isis.core.metamodel.services.bookmarks.BookmarkServiceInternalDefault: #introspectUpTo( TYPE_AND_MEMBERS_INTROSPECTED )
2021-04-17 23:16:01.343 END: completed in: 1ms, org.apache.isis.core.metamodel.services.bookmarks.BookmarkServiceInternalDefault: #introspectUpTo( TYPE_AND_MEMBERS_INTROSPECTED )
2021-04-17 23:16:01.343 START: workQueue.size: 0, waited for: 2322ms, org.apache.isis.core.metamodel.services.config.ConfigurationServiceDefault: #introspectUpTo( TYPE_AND_MEMBERS_INTROSPECTED )
2021-04-17 23:16:01.343 END: completed in: 0ms, org.apache.isis.core.metamodel.services.config.ConfigurationServiceDefault: #introspectUpTo( TYPE_AND_MEMBERS_INTROSPECTED )
2021-04-17 23:16:01.344 START: workQueue.size: 0, waited for: 2322ms, org.apache.isis.core.metamodel.services.container.DomainObjectContainerDefault: #introspectUpTo( TYPE_AND_MEMBERS_INTROSPECTED )
2021-04-17 23:16:01.344 END: completed in: 1ms, org.apache.isis.core.metamodel.services.container.DomainObjectContainerDefault: #introspectUpTo( TYPE_AND_MEMBERS_INTROSPECTED )
2021-04-17 23:16:01.344 START: workQueue.size: 0, waited for: 2323ms, org.apache.isis.core.metamodel.services.factory.FactoryServiceInternalDefault: #introspectUpTo( TYPE_AND_MEMBERS_INTROSPECTED )
2021-04-17 23:16:01.345 END: completed in: 1ms, org.apache.isis.core.metamodel.services.factory.FactoryServiceInternalDefault: #introspectUpTo( TYPE_AND_MEMBERS_INTROSPECTED )
2021-04-17 23:16:01.345 START: workQueue.size: 0, waited for: 2324ms, org.apache.isis.core.metamodel.services.grid.GridLoaderServiceDefault: #introspectUpTo( TYPE_AND_MEMBERS_INTROSPECTED )
2021-04-17 23:16:01.345 END: completed in: 0ms, org.apache.isis.core.metamodel.services.grid.GridLoaderServiceDefault: #introspectUpTo( TYPE_AND_MEMBERS_INTROSPECTED )
2021-04-17 23:16:01.345 START: workQueue.size: 0, waited for: 2324ms, org.apache.isis.core.metamodel.services.grid.GridServiceDefault: #introspectUpTo( TYPE_AND_MEMBERS_INTROSPECTED )
2021-04-17 23:16:01.333 END: completed in: 0ms, org.apache.isis.applib.services.routing.RoutingServiceDefault: #introspectUpTo( TYPE_AND_MEMBERS_INTROSPECTED )
2021-04-17 23:16:01.347 START: workQueue.size: 0, waited for: 2326ms, org.apache.isis.core.metamodel.services.grid.bootstrap3.GridSystemServiceBS3: #introspectUpTo( TYPE_AND_MEMBERS_INTROSPECTED )
2021-04-17 23:16:01.348 END: completed in: 0ms, org.apache.isis.core.metamodel.services.grid.bootstrap3.GridSystemServiceBS3: #introspectUpTo( TYPE_AND_MEMBERS_INTROSPECTED )
2021-04-17 23:16:01.348 START: workQueue.size: 0, waited for: 2327ms, org.apache.isis.core.metamodel.services.layout.LayoutServiceDefault: #introspectUpTo( TYPE_AND_MEMBERS_INTROSPECTED )
2021-04-17 23:16:01.349 END: completed in: 0ms, org.apache.isis.core.metamodel.services.layout.LayoutServiceDefault: #introspectUpTo( TYPE_AND_MEMBERS_INTROSPECTED )
2021-04-17 23:16:01.349 START: workQueue.size: 0, waited for: 2328ms, org.apache.isis.core.metamodel.services.message.MessageServiceNoop: #introspectUpTo( TYPE_AND_MEMBERS_INTROSPECTED )
2021-04-17 23:16:01.346 END: completed in: 1ms, org.apache.isis.core.metamodel.services.grid.GridServiceDefault: #introspectUpTo( TYPE_AND_MEMBERS_INTROSPECTED )
2021-04-17 23:16:01.349 END: completed in: 0ms, org.apache.isis.core.metamodel.services.message.MessageServiceNoop: #introspectUpTo( TYPE_AND_MEMBERS_INTROSPECTED )
2021-04-17 23:16:01.349 START: workQueue.size: 0, waited for: 2328ms, org.apache.isis.core.metamodel.services.metamodel.MetaModelServiceDefault: #introspectUpTo( TYPE_AND_MEMBERS_INTROSPECTED )
2021-04-17 23:16:01.350 END: completed in: 1ms, org.apache.isis.core.metamodel.services.metamodel.MetaModelServiceDefault: #introspectUpTo( TYPE_AND_MEMBERS_INTROSPECTED )
2021-04-17 23:16:01.350 START: workQueue.size: 0, waited for: 2329ms, org.apache.isis.core.metamodel.services.registry.ServiceRegistryDefault: #introspectUpTo( TYPE_AND_MEMBERS_INTROSPECTED )
2021-04-17 23:16:01.351 END: completed in: 1ms, org.apache.isis.core.metamodel.services.registry.ServiceRegistryDefault: #introspectUpTo( TYPE_AND_MEMBERS_INTROSPECTED )
2021-04-17 23:16:01.351 START: workQueue.size: 0, waited for: 2330ms, org.apache.isis.core.metamodel.services.repository.RepositoryServiceInternalDefault: #introspectUpTo( TYPE_AND_MEMBERS_INTROSPECTED )
2021-04-17 23:16:01.351 END: completed in: 0ms, org.apache.isis.core.metamodel.services.repository.RepositoryServiceInternalDefault: #introspectUpTo( TYPE_AND_MEMBERS_INTROSPECTED )
2021-04-17 23:16:01.351 START: workQueue.size: 0, waited for: 2330ms, org.apache.isis.core.metamodel.services.swagger.SwaggerServiceDefault: #introspectUpTo( TYPE_AND_MEMBERS_INTROSPECTED )
2021-04-17 23:16:01.352 END: completed in: 1ms, org.apache.isis.core.metamodel.services.swagger.SwaggerServiceDefault: #introspectUpTo( TYPE_AND_MEMBERS_INTROSPECTED )
2021-04-17 23:16:01.352 START: workQueue.size: 0, waited for: 2331ms, org.apache.isis.core.metamodel.services.title.TitleServiceDefault: #introspectUpTo( TYPE_AND_MEMBERS_INTROSPECTED )
2021-04-17 23:16:01.353 END: completed in: 1ms, org.apache.isis.core.metamodel.services.title.TitleServiceDefault: #introspectUpTo( TYPE_AND_MEMBERS_INTROSPECTED )
2021-04-17 23:16:01.353 START: workQueue.size: 0, waited for: 2332ms, org.apache.isis.core.metamodel.services.user.UserServiceDefault: #introspectUpTo( TYPE_AND_MEMBERS_INTROSPECTED )
2021-04-17 23:16:01.349 START: workQueue.size: 0, waited for: 2328ms, org.apache.isis.core.metamodel.services.persistsession.PersistenceSessionServiceInternalNoop: #introspectUpTo( TYPE_AND_MEMBERS_INTROSPECTED )
2021-04-17 23:16:01.354 END: completed in: 1ms, org.apache.isis.core.metamodel.services.user.UserServiceDefault: #introspectUpTo( TYPE_AND_MEMBERS_INTROSPECTED )
2021-04-17 23:16:01.354 END: completed in: 5ms, org.apache.isis.core.metamodel.services.persistsession.PersistenceSessionServiceInternalNoop: #introspectUpTo( TYPE_AND_MEMBERS_INTROSPECTED )
2021-04-17 23:16:01.354 START: workQueue.size: 0, waited for: 2333ms, org.apache.isis.core.metamodel.services.user.UserServiceDefault$SudoServiceSpi: #introspectUpTo( TYPE_AND_MEMBERS_INTROSPECTED )
2021-04-17 23:16:01.354 END: completed in: 0ms, org.apache.isis.core.metamodel.services.user.UserServiceDefault$SudoServiceSpi: #introspectUpTo( TYPE_AND_MEMBERS_INTROSPECTED )
2021-04-17 23:16:01.355 START: workQueue.size: 0, waited for: 2334ms, org.apache.isis.core.runtime.services.auditing.AuditingServiceInternal: #introspectUpTo( TYPE_AND_MEMBERS_INTROSPECTED )
2021-04-17 23:16:01.355 END: completed in: 0ms, org.apache.isis.core.runtime.services.auditing.AuditingServiceInternal: #introspectUpTo( TYPE_AND_MEMBERS_INTROSPECTED )
2021-04-17 23:16:01.354 START: workQueue.size: 0, waited for: 2333ms, org.apache.isis.core.metamodel.services.xactn.TransactionServiceDefault: #introspectUpTo( TYPE_AND_MEMBERS_INTROSPECTED )
2021-04-17 23:16:01.355 START: workQueue.size: 0, waited for: 2334ms, org.apache.isis.core.runtime.services.authsess.AuthenticationSessionProviderDefault: #introspectUpTo( TYPE_AND_MEMBERS_INTROSPECTED )
2021-04-17 23:16:01.356 END: completed in: 2ms, org.apache.isis.core.metamodel.services.xactn.TransactionServiceDefault: #introspectUpTo( TYPE_AND_MEMBERS_INTROSPECTED )
2021-04-17 23:16:01.356 START: workQueue.size: 0, waited for: 2335ms, org.apache.isis.core.runtime.services.background.BackgroundServiceDefault: #introspectUpTo( TYPE_AND_MEMBERS_INTROSPECTED )
2021-04-17 23:16:01.356 END: completed in: 0ms, org.apache.isis.core.runtime.services.background.BackgroundServiceDefault: #introspectUpTo( TYPE_AND_MEMBERS_INTROSPECTED )
2021-04-17 23:16:01.357 START: workQueue.size: 0, waited for: 2336ms, org.apache.isis.core.runtime.services.changes.ChangedObjectsServiceInternal: #introspectUpTo( TYPE_AND_MEMBERS_INTROSPECTED )
2021-04-17 23:16:01.357 END: completed in: 0ms, org.apache.isis.core.runtime.services.changes.ChangedObjectsServiceInternal: #introspectUpTo( TYPE_AND_MEMBERS_INTROSPECTED )
2021-04-17 23:16:01.358 START: workQueue.size: 0, waited for: 2337ms, org.apache.isis.core.runtime.services.command.CommandDtoServiceInternalDefault: #introspectUpTo( TYPE_AND_MEMBERS_INTROSPECTED )
2021-04-17 23:16:01.358 END: completed in: 0ms, org.apache.isis.core.runtime.services.command.CommandDtoServiceInternalDefault: #introspectUpTo( TYPE_AND_MEMBERS_INTROSPECTED )
2021-04-17 23:16:01.359 START: workQueue.size: 0, waited for: 2337ms, org.apache.isis.core.runtime.services.command.CommandServiceDefault: #introspectUpTo( TYPE_AND_MEMBERS_INTROSPECTED )
2021-04-17 23:16:01.359 END: completed in: 4ms, org.apache.isis.core.runtime.services.authsess.AuthenticationSessionProviderDefault: #introspectUpTo( TYPE_AND_MEMBERS_INTROSPECTED )
2021-04-17 23:16:01.360 START: workQueue.size: 0, waited for: 2339ms, org.apache.isis.core.runtime.services.email.EmailServiceDefault: #introspectUpTo( TYPE_AND_MEMBERS_INTROSPECTED )
2021-04-17 23:16:01.362 END: completed in: 1ms, org.apache.isis.core.runtime.services.command.CommandServiceDefault: #introspectUpTo( TYPE_AND_MEMBERS_INTROSPECTED )
2021-04-17 23:16:01.362 START: workQueue.size: 0, waited for: 2341ms, org.apache.isis.core.runtime.services.homepage.HomePageProviderServiceDefault: #introspectUpTo( TYPE_AND_MEMBERS_INTROSPECTED )
2021-04-17 23:16:01.363 END: completed in: 0ms, org.apache.isis.core.runtime.services.homepage.HomePageProviderServiceDefault: #introspectUpTo( TYPE_AND_MEMBERS_INTROSPECTED )
2021-04-17 23:16:01.363 START: workQueue.size: 0, waited for: 2342ms, org.apache.isis.core.runtime.services.i18n.po.TranslationServicePo: #introspectUpTo( TYPE_AND_MEMBERS_INTROSPECTED )
2021-04-17 23:16:01.366 END: completed in: 3ms, org.apache.isis.core.runtime.services.i18n.po.TranslationServicePo: #introspectUpTo( TYPE_AND_MEMBERS_INTROSPECTED )
2021-04-17 23:16:01.367 START: workQueue.size: 0, waited for: 2345ms, org.apache.isis.core.runtime.services.ixn.InteractionDtoServiceInternalDefault: #introspectUpTo( TYPE_AND_MEMBERS_INTROSPECTED )
2021-04-17 23:16:01.369 END: completed in: 3ms, org.apache.isis.core.runtime.services.ixn.InteractionDtoServiceInternalDefault: #introspectUpTo( TYPE_AND_MEMBERS_INTROSPECTED )
2021-04-17 23:16:01.369 START: workQueue.size: 0, waited for: 2348ms, org.apache.isis.core.runtime.services.memento.MementoServiceDefault: #introspectUpTo( TYPE_AND_MEMBERS_INTROSPECTED )
2021-04-17 23:16:01.370 END: completed in: 1ms, org.apache.isis.core.runtime.services.memento.MementoServiceDefault: #introspectUpTo( TYPE_AND_MEMBERS_INTROSPECTED )
2021-04-17 23:16:01.370 START: workQueue.size: 0, waited for: 2349ms, org.apache.isis.core.runtime.services.metrics.MetricsServiceDefault: #introspectUpTo( TYPE_AND_MEMBERS_INTROSPECTED )
2021-04-17 23:16:01.371 END: completed in: 0ms, org.apache.isis.core.runtime.services.metrics.MetricsServiceDefault: #introspectUpTo( TYPE_AND_MEMBERS_INTROSPECTED )
2021-04-17 23:16:01.371 START: workQueue.size: 0, waited for: 2350ms, org.apache.isis.core.runtime.services.publish.PublishingServiceInternalDefault: #introspectUpTo( TYPE_AND_MEMBERS_INTROSPECTED )
2021-04-17 23:16:01.371 END: completed in: 0ms, org.apache.isis.core.runtime.services.publish.PublishingServiceInternalDefault: #introspectUpTo( TYPE_AND_MEMBERS_INTROSPECTED )
2021-04-17 23:16:01.371 START: workQueue.size: 0, waited for: 2350ms, org.apache.isis.core.runtime.services.sessmgmt.SessionManagementServiceDefault: #introspectUpTo( TYPE_AND_MEMBERS_INTROSPECTED )
2021-04-17 23:16:01.372 END: completed in: 1ms, org.apache.isis.core.runtime.services.sessmgmt.SessionManagementServiceDefault: #introspectUpTo( TYPE_AND_MEMBERS_INTROSPECTED )
2021-04-17 23:16:01.372 START: workQueue.size: 0, waited for: 2351ms, org.apache.isis.core.runtime.services.sudo.SudoServiceDefault: #introspectUpTo( TYPE_AND_MEMBERS_INTROSPECTED )
2021-04-17 23:16:01.373 END: completed in: 0ms, org.apache.isis.core.runtime.services.sudo.SudoServiceDefault: #introspectUpTo( TYPE_AND_MEMBERS_INTROSPECTED )
2021-04-17 23:16:01.373 START: workQueue.size: 0, waited for: 2352ms, org.apache.isis.core.runtime.services.userreg.EmailNotificationServiceDefault: #introspectUpTo( TYPE_AND_MEMBERS_INTROSPECTED )
2021-04-17 23:16:01.373 END: completed in: 13ms, org.apache.isis.core.runtime.services.email.EmailServiceDefault: #introspectUpTo( TYPE_AND_MEMBERS_INTROSPECTED )
2021-04-17 23:16:01.373 END: completed in: 0ms, org.apache.isis.core.runtime.services.userreg.EmailNotificationServiceDefault: #introspectUpTo( TYPE_AND_MEMBERS_INTROSPECTED )
2021-04-17 23:16:01.373 START: workQueue.size: 0, waited for: 2352ms, org.apache.isis.core.runtime.services.xmlsnapshot.XmlSnapshotServiceDefault: #introspectUpTo( TYPE_AND_MEMBERS_INTROSPECTED )
2021-04-17 23:16:01.373 START: workQueue.size: 0, waited for: 2352ms, org.apache.isis.core.wrapper.WrapperFactoryDefault: #introspectUpTo( TYPE_AND_MEMBERS_INTROSPECTED )
2021-04-17 23:16:01.374 END: completed in: 1ms, org.apache.isis.core.runtime.services.xmlsnapshot.XmlSnapshotServiceDefault: #introspectUpTo( TYPE_AND_MEMBERS_INTROSPECTED )
2021-04-17 23:16:01.374 END: completed in: 1ms, org.apache.isis.core.wrapper.WrapperFactoryDefault: #introspectUpTo( TYPE_AND_MEMBERS_INTROSPECTED )
2021-04-17 23:16:01.374 START: workQueue.size: 0, waited for: 2353ms, org.apache.isis.objectstore.jdo.datanucleus.service.support.IsisJdoSupportImpl: #introspectUpTo( TYPE_AND_MEMBERS_INTROSPECTED )
2021-04-17 23:16:01.375 END: completed in: 0ms, org.apache.isis.objectstore.jdo.datanucleus.service.support.IsisJdoSupportImpl: #introspectUpTo( TYPE_AND_MEMBERS_INTROSPECTED )
2021-04-17 23:16:01.375 START: workQueue.size: 0, waited for: 2354ms, org.apache.isis.objectstore.jdo.datanucleus.service.support.TimestampService: #introspectUpTo( TYPE_AND_MEMBERS_INTROSPECTED )
2021-04-17 23:16:01.381 END: completed in: 6ms, org.apache.isis.objectstore.jdo.datanucleus.service.support.TimestampService: #introspectUpTo( TYPE_AND_MEMBERS_INTROSPECTED )
2021-04-17 23:16:01.381 START: workQueue.size: 0, waited for: 2360ms, org.apache.isis.schema.services.jaxb.JaxbServiceDefault: #introspectUpTo( TYPE_AND_MEMBERS_INTROSPECTED )
2021-04-17 23:16:01.382 END: completed in: 1ms, org.apache.isis.schema.services.jaxb.JaxbServiceDefault: #introspectUpTo( TYPE_AND_MEMBERS_INTROSPECTED )
2021-04-17 23:16:01.382 START: workQueue.size: 0, waited for: 2361ms, org.apache.isis.viewer.restfulobjects.rendering.service.RepresentationServiceContentNegotiator: #introspectUpTo( TYPE_AND_MEMBERS_INTROSPECTED )
2021-04-17 23:16:01.383 END: completed in: 1ms, org.apache.isis.viewer.restfulobjects.rendering.service.RepresentationServiceContentNegotiator: #introspectUpTo( TYPE_AND_MEMBERS_INTROSPECTED )
2021-04-17 23:16:01.383 START: workQueue.size: 0, waited for: 2362ms, org.apache.isis.viewer.restfulobjects.rendering.service.RepresentationServiceForRestfulObjects: #introspectUpTo( TYPE_AND_MEMBERS_INTROSPECTED )
2021-04-17 23:16:01.383 END: completed in: 0ms, org.apache.isis.viewer.restfulobjects.rendering.service.RepresentationServiceForRestfulObjects: #introspectUpTo( TYPE_AND_MEMBERS_INTROSPECTED )
2021-04-17 23:16:01.384 START: workQueue.size: 0, waited for: 2363ms, org.apache.isis.viewer.restfulobjects.rendering.service.acceptheader.AcceptHeaderServiceForRest: #introspectUpTo( TYPE_AND_MEMBERS_INTROSPECTED )
2021-04-17 23:16:01.374 START: workQueue.size: 0, waited for: 2353ms, org.apache.isis.objectstore.jdo.applib.service.exceprecog.ExceptionRecognizerCompositeForJdoObjectStore: #introspectUpTo( TYPE_AND_MEMBERS_INTROSPECTED )
2021-04-17 23:16:01.384 END: completed in: 0ms, org.apache.isis.viewer.restfulobjects.rendering.service.acceptheader.AcceptHeaderServiceForRest: #introspectUpTo( TYPE_AND_MEMBERS_INTROSPECTED )
2021-04-17 23:16:01.384 END: completed in: 10ms, org.apache.isis.objectstore.jdo.applib.service.exceprecog.ExceptionRecognizerCompositeForJdoObjectStore: #introspectUpTo( TYPE_AND_MEMBERS_INTROSPECTED )
2021-04-17 23:16:01.384 START: workQueue.size: 0, waited for: 2363ms, org.apache.isis.viewer.restfulobjects.rendering.service.conneg.ContentNegotiationServiceForRestfulObjectsV1_0: #introspectUpTo( TYPE_AND_MEMBERS_INTROSPECTED )
2021-04-17 23:16:01.385 START: workQueue.size: 0, waited for: 2364ms, org.apache.isis.viewer.wicket.viewer.services.BookmarkUiServiceWicket: #introspectUpTo( TYPE_AND_MEMBERS_INTROSPECTED )
2021-04-17 23:16:01.386 END: completed in: 1ms, org.apache.isis.viewer.wicket.viewer.services.BookmarkUiServiceWicket: #introspectUpTo( TYPE_AND_MEMBERS_INTROSPECTED )
2021-04-17 23:16:01.386 START: workQueue.size: 0, waited for: 2365ms, org.apache.isis.viewer.wicket.viewer.services.DeepLinkServiceWicket: #introspectUpTo( TYPE_AND_MEMBERS_INTROSPECTED )
2021-04-17 23:16:01.387 END: completed in: 1ms, org.apache.isis.viewer.wicket.viewer.services.DeepLinkServiceWicket: #introspectUpTo( TYPE_AND_MEMBERS_INTROSPECTED )
2021-04-17 23:16:01.387 START: workQueue.size: 0, waited for: 2366ms, org.apache.isis.viewer.wicket.viewer.services.GuiceBeanProviderWicket: #introspectUpTo( TYPE_AND_MEMBERS_INTROSPECTED )
2021-04-17 23:16:01.387 END: completed in: 0ms, org.apache.isis.viewer.wicket.viewer.services.GuiceBeanProviderWicket: #introspectUpTo( TYPE_AND_MEMBERS_INTROSPECTED )
2021-04-17 23:16:01.388 START: workQueue.size: 0, waited for: 2367ms, org.apache.isis.viewer.wicket.viewer.services.HintStoreUsingWicketSession: #introspectUpTo( TYPE_AND_MEMBERS_INTROSPECTED )
2021-04-17 23:16:01.388 END: completed in: 0ms, org.apache.isis.viewer.wicket.viewer.services.HintStoreUsingWicketSession: #introspectUpTo( TYPE_AND_MEMBERS_INTROSPECTED )
2021-04-17 23:16:01.389 START: workQueue.size: 0, waited for: 2367ms, org.apache.isis.viewer.wicket.viewer.services.LocaleProviderWicket: #introspectUpTo( TYPE_AND_MEMBERS_INTROSPECTED )
2021-04-17 23:16:01.389 END: completed in: 1ms, org.apache.isis.viewer.wicket.viewer.services.LocaleProviderWicket: #introspectUpTo( TYPE_AND_MEMBERS_INTROSPECTED )
2021-04-17 23:16:01.389 END: completed in: 5ms, org.apache.isis.viewer.restfulobjects.rendering.service.conneg.ContentNegotiationServiceForRestfulObjectsV1_0: #introspectUpTo( TYPE_AND_MEMBERS_INTROSPECTED )
2021-04-17 23:16:01.390 START: workQueue.size: 0, waited for: 2369ms, org.apache.isis.viewer.wicket.viewer.services.TranslationsResolverWicket: #introspectUpTo( TYPE_AND_MEMBERS_INTROSPECTED )
2021-04-17 23:16:01.393 END: completed in: 3ms, org.apache.isis.viewer.wicket.viewer.services.TranslationsResolverWicket: #introspectUpTo( TYPE_AND_MEMBERS_INTROSPECTED )
2021-04-17 23:16:01.400 join'ing 99 tasks: waited 0 milliseconds 
2021-04-17 23:16:01.414 START: workQueue.size: 0, waited for: 12ms, org.apache.isis.core.metamodel.services.jdosupport.Persistable_datanucleusVersionTimestamp: #introspectUpTo( TYPE_AND_MEMBERS_INTROSPECTED )
2021-04-17 23:16:01.425 START: workQueue.size: 0, waited for: 24ms, org.apache.isis.applib.services.dto.Dto_downloadXml: #introspectUpTo( TYPE_AND_MEMBERS_INTROSPECTED )
2021-04-17 23:16:01.439 END: completed in: 26ms, org.apache.isis.core.metamodel.services.jdosupport.Persistable_datanucleusVersionTimestamp: #introspectUpTo( TYPE_AND_MEMBERS_INTROSPECTED )
2021-04-17 23:16:01.439 START: workQueue.size: 0, waited for: 38ms, org.apache.isis.viewer.wicket.viewer.services.Object_clearHints: #introspectUpTo( TYPE_AND_MEMBERS_INTROSPECTED )
2021-04-17 23:16:01.444 END: completed in: 18ms, org.apache.isis.applib.services.dto.Dto_downloadXml: #introspectUpTo( TYPE_AND_MEMBERS_INTROSPECTED )
2021-04-17 23:16:01.444 START: workQueue.size: 0, waited for: 43ms, org.apache.isis.core.metamodel.services.jdosupport.Persistable_datanucleusVersionLong: #introspectUpTo( TYPE_AND_MEMBERS_INTROSPECTED )
2021-04-17 23:16:01.474 END: completed in: 30ms, org.apache.isis.core.metamodel.services.jdosupport.Persistable_datanucleusVersionLong: #introspectUpTo( TYPE_AND_MEMBERS_INTROSPECTED )
2021-04-17 23:16:01.474 START: workQueue.size: 0, waited for: 73ms, org.apache.isis.core.metamodel.services.jdosupport.Persistable_datanucleusIdLong: #introspectUpTo( TYPE_AND_MEMBERS_INTROSPECTED )
2021-04-17 23:16:01.481 END: completed in: 42ms, org.apache.isis.viewer.wicket.viewer.services.Object_clearHints: #introspectUpTo( TYPE_AND_MEMBERS_INTROSPECTED )
2021-04-17 23:16:01.481 START: workQueue.size: 0, waited for: 80ms, org.apache.isis.applib.services.bookmark.BookmarkHolder_object: #introspectUpTo( TYPE_AND_MEMBERS_INTROSPECTED )
2021-04-17 23:16:01.481 END: completed in: 7ms, org.apache.isis.core.metamodel.services.jdosupport.Persistable_datanucleusIdLong: #introspectUpTo( TYPE_AND_MEMBERS_INTROSPECTED )
2021-04-17 23:16:01.481 START: workQueue.size: 0, waited for: 80ms, org.apache.isis.core.metamodel.services.jdosupport.Persistable_downloadJdoMetadata: #introspectUpTo( TYPE_AND_MEMBERS_INTROSPECTED )
2021-04-17 23:16:01.492 END: completed in: 11ms, org.apache.isis.applib.services.bookmark.BookmarkHolder_object: #introspectUpTo( TYPE_AND_MEMBERS_INTROSPECTED )
2021-04-17 23:16:01.492 START: workQueue.size: 0, waited for: 91ms, org.apache.isis.applib.services.bookmark.BookmarkHolder_lookup: #introspectUpTo( TYPE_AND_MEMBERS_INTROSPECTED )
2021-04-17 23:16:01.509 END: completed in: 16ms, org.apache.isis.applib.services.bookmark.BookmarkHolder_lookup: #introspectUpTo( TYPE_AND_MEMBERS_INTROSPECTED )
2021-04-17 23:16:01.509 START: workQueue.size: 0, waited for: 108ms, org.apache.isis.applib.services.dto.Dto_downloadXsd: #introspectUpTo( TYPE_AND_MEMBERS_INTROSPECTED )
2021-04-17 23:16:01.513 END: completed in: 32ms, org.apache.isis.core.metamodel.services.jdosupport.Persistable_downloadJdoMetadata: #introspectUpTo( TYPE_AND_MEMBERS_INTROSPECTED )
2021-04-17 23:16:01.516 START: workQueue.size: 0, waited for: 115ms, org.apache.isis.applib.services.layout.Object_rebuildMetamodel: #introspectUpTo( TYPE_AND_MEMBERS_INTROSPECTED )
2021-04-17 23:16:01.537 END: completed in: 21ms, org.apache.isis.applib.services.layout.Object_rebuildMetamodel: #introspectUpTo( TYPE_AND_MEMBERS_INTROSPECTED )
2021-04-17 23:16:01.537 START: workQueue.size: 0, waited for: 136ms, org.apache.isis.applib.services.layout.Object_openRestApi: #introspectUpTo( TYPE_AND_MEMBERS_INTROSPECTED )
2021-04-17 23:16:01.565 END: completed in: 28ms, org.apache.isis.applib.services.layout.Object_openRestApi: #introspectUpTo( TYPE_AND_MEMBERS_INTROSPECTED )
2021-04-17 23:16:01.566 START: workQueue.size: 0, waited for: 165ms, org.apache.isis.applib.services.layout.Object_downloadLayoutXml: #introspectUpTo( TYPE_AND_MEMBERS_INTROSPECTED )
2021-04-17 23:16:01.601 END: completed in: 35ms, org.apache.isis.applib.services.layout.Object_downloadLayoutXml: #introspectUpTo( TYPE_AND_MEMBERS_INTROSPECTED )
2021-04-17 23:16:01.602 END: completed in: 93ms, org.apache.isis.applib.services.dto.Dto_downloadXsd: #introspectUpTo( TYPE_AND_MEMBERS_INTROSPECTED )
2021-04-17 23:16:01.602 join'ing 12 tasks: waited 0 milliseconds 
2021-04-17 23:16:01.604 END: completed in: 6452ms, SpecificationLoader#init()
2021-04-17 23:16:02.205 END: completed in: 7054ms, persistenceSessionFactory#init(...)
2021-04-17 23:16:02.205 join'ing 5 tasks: waited 0 milliseconds 
2021-04-17 23:16:03.029 join'ing 3 tasks: waited 2 milliseconds 
